2026-02-28 11:04:09 | USER=alan | ⚠ SUSPICIOUS | RBAC violation accessing /logout | Trust reduced to 85
2026-02-28 11:04:09 | USER=alan | ⚠ SUSPICIOUS | RBAC violation accessing /restricted | Trust reduced to 70
2026-02-28 11:04:09 | USER=alan | ⚠ SUSPICIOUS | RBAC violation accessing /restricted | Trust reduced to 55
2026-02-28 11:04:09 | USER=alan | ⚠ SUSPICIOUS | RBAC violation accessing /restricted | Trust reduced to 40
2026-02-28 11:04:09 | USER=alan | ⚠ SUSPICIOUS | RBAC violation accessing /restricted | Trust reduced to 25
2026-02-28 11:24:43 | USER=admin | ⚠ SUSPICIOUS | RBAC violation accessing /logout | Trust reduced to 85
2026-02-28 11:24:43 | USER=admin | ⚠ SUSPICIOUS | RBAC violation accessing /restricted | Trust reduced to 70
2026-02-28 11:24:43 | USER=admin | ⚠ SUSPICIOUS | RBAC violation accessing /restricted | Trust reduced to 55
2026-02-28 11:24:43 | USER=admin | ⚠ SUSPICIOUS | RBAC violation accessing /restricted | Trust reduced to 40
2026-02-28 11:24:43 | USER=admin | ⚠ SUSPICIOUS | RBAC violation accessing /restricted | Trust reduced to 25
2026-02-28 11:25:27 | USER=alan | ⚠ SUSPICIOUS | RBAC violation accessing /logout | Trust reduced to 85
2026-02-28 11:25:27 | USER=alan | ⚠ SUSPICIOUS | RBAC violation accessing /restricted | Trust reduced to 70
2026-02-28 11:25:27 | USER=alan | ⚠ SUSPICIOUS | RBAC violation accessing /restricted | Trust reduced to 55
2026-02-28 11:25:27 | USER=alan | ⚠ SUSPICIOUS | RBAC violation accessing /restricted | Trust reduced to 40
2026-02-28 11:25:27 | USER=alan | ⚠ SUSPICIOUS | RBAC violation accessing /restricted | Trust reduced to 25
2026-02-28 11:35:49 | USER=admin | ⚠ SUSPICIOUS | RBAC violation accessing /favicon.ico | Trust reduced to 85
2026-02-28 11:35:49 | USER=admin | ⚠ SUSPICIOUS | RBAC violation accessing /restricted | Trust reduced to 70
2026-02-28 11:35:49 | USER=admin | ⚠ SUSPICIOUS | RBAC violation accessing /restricted | Trust reduced to 55
2026-02-28 11:35:49 | USER=admin | ⚠ SUSPICIOUS | RBAC violation accessing /restricted | Trust reduced to 40
2026-02-28 11:35:49 | USER=admin | ⚠ SUSPICIOUS | RBAC violation accessing /restricted | Trust reduced to 25
2026-02-28 12:05:16 | USER=admin | ⚠ SUSPICIOUS | RBAC violation accessing /.well-known/appspecific/com.chrome.devtools.json | Trust reduced to 85
2026-02-28 12:05:16 | USER=admin | ⚠ SUSPICIOUS | RBAC violation accessing /restricted | Trust reduced to 70
2026-02-28 12:05:16 | USER=admin | ⚠ SUSPICIOUS | RBAC violation accessing /restricted | Trust reduced to 55
2026-02-28 12:05:16 | USER=admin | ⚠ SUSPICIOUS | RBAC violation accessing /restricted | Trust reduced to 40
2026-02-28 12:05:16 | USER=admin | ⚠ SUSPICIOUS | RBAC violation accessing /restricted | Trust reduced to 25
2026-02-28 12:15:53 | USER=admin | ⚠ SUSPICIOUS | RBAC violation accessing /logout | Trust reduced to 85
2026-02-28 12:15:53 | USER=admin | ⚠ SUSPICIOUS | RBAC violation accessing /restricted | Trust reduced to 70
2026-02-28 12:15:53 | USER=admin | ⚠ SUSPICIOUS | RBAC violation accessing /restricted | Trust reduced to 55
2026-02-28 12:15:53 | USER=admin | ⚠ SUSPICIOUS | RBAC violation accessing /restricted | Trust reduced to 40
2026-02-28 12:15:53 | USER=admin | ⚠ SUSPICIOUS | RBAC violation accessing /restricted | Trust reduced to 25
2026-02-28 12:42:31 | USER=admin | ⚠ SUSPICIOUS | RBAC violation accessing /logout | Trust reduced to 85
2026-02-28 12:42:31 | USER=admin | ⚠ SUSPICIOUS | RBAC violation accessing /restricted | Trust reduced to 70
2026-02-28 12:42:31 | USER=admin | ⚠ SUSPICIOUS | RBAC violation accessing /restricted | Trust reduced to 55
2026-02-28 12:42:31 | USER=admin | ⚠ SUSPICIOUS | RBAC violation accessing /restricted | Trust reduced to 40
2026-02-28 12:42:31 | USER=admin | ⚠ SUSPICIOUS | RBAC violation accessing /restricted | Trust reduced to 25
2026-02-28 12:45:27 | USER=john | ⚠ SUSPICIOUS | RBAC violation accessing /logout | Trust reduced to 85
2026-02-28 12:45:27 | USER=john | ⚠ SUSPICIOUS | RBAC violation accessing /restricted | Trust reduced to 70
2026-02-28 12:45:27 | USER=john | ⚠ SUSPICIOUS | RBAC violation accessing /restricted | Trust reduced to 55
2026-02-28 12:45:27 | USER=john | ⚠ SUSPICIOUS | RBAC violation accessing /restricted | Trust reduced to 40
2026-02-28 12:45:27 | USER=john | ⚠ SUSPICIOUS | RBAC violation accessing /restricted | Trust reduced to 25
2026-02-28 12:49:20 | USER=admin | ⚠ SUSPICIOUS | RBAC violation accessing /logout | Trust reduced to 85
2026-02-28 12:49:20 | USER=admin | ⚠ SUSPICIOUS | RBAC violation accessing /restricted | Trust reduced to 70
2026-02-28 12:49:20 | USER=admin | ⚠ SUSPICIOUS | RBAC violation accessing /restricted | Trust reduced to 55
2026-02-28 12:49:20 | USER=admin | ⚠ SUSPICIOUS | RBAC violation accessing /restricted | Trust reduced to 40
2026-02-28 12:49:20 | USER=admin | ⚠ SUSPICIOUS | RBAC violation accessing /restricted | Trust reduced to 25
2026-02-28 12:56:08 | USER=admin | ⚠ SUSPICIOUS | RBAC violation accessing /logout | Trust reduced to 85
2026-02-28 12:56:08 | USER=admin | ⚠ SUSPICIOUS | RBAC violation accessing /restricted | Trust reduced to 70
2026-02-28 12:56:08 | USER=admin | ⚠ SUSPICIOUS | RBAC violation accessing /restricted | Trust reduced to 55
2026-02-28 12:56:08 | USER=admin | ⚠ SUSPICIOUS | RBAC violation accessing /restricted | Trust reduced to 40
2026-02-28 12:56:08 | USER=admin | ⚠ SUSPICIOUS | RBAC violation accessing /restricted | Trust reduced to 25
2026-02-28 13:00:19 | USER=admin | ⚠ SUSPICIOUS | RBAC violation accessing /logout | Trust reduced to 85
2026-02-28 13:00:19 | USER=admin | ⚠ SUSPICIOUS | RBAC violation accessing /restricted | Trust reduced to 70
2026-02-28 13:00:19 | USER=admin | ⚠ SUSPICIOUS | RBAC violation accessing /restricted | Trust reduced to 55
2026-02-28 13:00:19 | USER=admin | ⚠ SUSPICIOUS | RBAC violation accessing /restricted | Trust reduced to 40
2026-02-28 13:00:19 | USER=admin | ⚠ SUSPICIOUS | RBAC violation accessing /restricted | Trust reduced to 25
2026-02-28 13:02:03 | USER=john | ⚠ SUSPICIOUS | RBAC violation accessing /logout | Trust reduced to 85
2026-02-28 13:02:03 | USER=john | ⚠ SUSPICIOUS | RBAC violation accessing /restricted | Trust reduced to 70
2026-02-28 13:02:03 | USER=john | ⚠ SUSPICIOUS | RBAC violation accessing /restricted | Trust reduced to 55
2026-02-28 13:02:03 | USER=john | ⚠ SUSPICIOUS | RBAC violation accessing /restricted | Trust reduced to 40
2026-02-28 13:02:03 | USER=john | ⚠ SUSPICIOUS | RBAC violation accessing /restricted | Trust reduced to 25
2026-02-28 13:34:26 | USER=admin | ⚠ SUSPICIOUS | RBAC violation accessing /logout | Trust reduced to 85
2026-02-28 13:34:26 | USER=admin | ⚠ SUSPICIOUS | RBAC violation accessing /restricted | Trust reduced to 70
2026-02-28 13:34:27 | USER=admin | ⚠ SUSPICIOUS | RBAC violation accessing /restricted | Trust reduced to 55
2026-02-28 13:34:27 | USER=admin | ⚠ SUSPICIOUS | RBAC violation accessing /restricted | Trust reduced to 40
2026-02-28 13:34:27 | USER=admin | ⚠ SUSPICIOUS | RBAC violation accessing /restricted | Trust reduced to 25
2026-02-28 13:39:21 | USER=admin | ⚠ SUSPICIOUS | RBAC violation accessing /logout | Trust reduced to 85
2026-02-28 13:39:21 | USER=admin | ⚠ SUSPICIOUS | RBAC violation accessing /restricted | Trust reduced to 70
2026-02-28 13:39:21 | USER=admin | ⚠ SUSPICIOUS | RBAC violation accessing /restricted | Trust reduced to 55
2026-02-28 13:39:21 | USER=admin | ⚠ SUSPICIOUS | RBAC violation accessing /restricted | Trust reduced to 40
2026-02-28 13:39:21 | USER=admin | ⚠ SUSPICIOUS | RBAC violation accessing /restricted | Trust reduced to 25
2026-02-28 13:44:57 | USER=admin | ⚠ SUSPICIOUS | RBAC violation accessing /logout | Trust reduced to 85
2026-02-28 13:44:57 | USER=admin | ⚠ SUSPICIOUS | RBAC violation accessing /restricted | Trust reduced to 70
2026-02-28 13:44:57 | USER=admin | ⚠ SUSPICIOUS | RBAC violation accessing /restricted | Trust reduced to 55
2026-02-28 13:44:57 | USER=admin | ⚠ SUSPICIOUS | RBAC violation accessing /restricted | Trust reduced to 40
2026-02-28 13:44:57 | USER=admin | ⚠ SUSPICIOUS | RBAC violation accessing /restricted | Trust reduced to 25
2026-02-28 13:46:34 | USER=john | ⚠ SUSPICIOUS | RBAC violation accessing /logout | Trust reduced to 85
2026-02-28 13:46:34 | USER=john | ⚠ SUSPICIOUS | RBAC violation accessing /restricted | Trust reduced to 70
2026-02-28 13:46:34 | USER=john | ⚠ SUSPICIOUS | RBAC violation accessing /restricted | Trust reduced to 55
2026-02-28 13:46:34 | USER=john | ⚠ SUSPICIOUS | RBAC violation accessing /restricted | Trust reduced to 40
2026-02-28 13:46:34 | USER=john | ⚠ SUSPICIOUS | RBAC violation accessing /restricted | Trust reduced to 25
2026-02-28 13:49:25 | USER=alan | ⚠ SUSPICIOUS | RBAC violation accessing /logout | Trust reduced to 85
2026-02-28 13:49:25 | USER=alan | ⚠ SUSPICIOUS | RBAC violation accessing /restricted | Trust reduced to 70
2026-02-28 13:49:25 | USER=alan | ⚠ SUSPICIOUS | RBAC violation accessing /restricted | Trust reduced to 55
2026-02-28 13:49:25 | USER=alan | ⚠ SUSPICIOUS | RBAC violation accessing /restricted | Trust reduced to 40
2026-02-28 13:49:25 | USER=alan | ⚠ SUSPICIOUS | RBAC violation accessing /restricted | Trust reduced to 25
2026-02-28 13:56:02 | USER=admin | ⚠ SUSPICIOUS | RBAC violation accessing /logout | Trust reduced to 85
2026-02-28 13:56:02 | USER=admin | ⚠ SUSPICIOUS | RBAC violation accessing /restricted | Trust reduced to 70
2026-02-28 13:56:02 | USER=admin | ⚠ SUSPICIOUS | RBAC violation accessing /restricted | Trust reduced to 55
2026-02-28 13:56:02 | USER=admin | ⚠ SUSPICIOUS | RBAC violation accessing /restricted | Trust reduced to 40
2026-02-28 13:56:02 | USER=admin | ⚠ SUSPICIOUS | RBAC violation accessing /restricted | Trust reduced to 25
2026-02-28 14:00:00 | USER=admin | ⚠ SUSPICIOUS | RBAC violation accessing /logout | Trust reduced to 85
2026-02-28 14:00:00 | USER=admin | ⚠ SUSPICIOUS | RBAC violation accessing /restricted | Trust reduced to 70
2026-02-28 14:00:00 | USER=admin | ⚠ SUSPICIOUS | RBAC violation accessing /restricted | Trust reduced to 55
2026-02-28 14:00:00 | USER=admin | ⚠ SUSPICIOUS | RBAC violation accessing /restricted | Trust reduced to 40
2026-02-28 14:00:00 | USER=admin | ⚠ SUSPICIOUS | RBAC violation accessing /restricted | Trust reduced to 25
{"seq": 54, "nonce": "RLUgOfQdblKhoBhb", "data": "zHh5+fLpY4pf958HItY8NA9Sa9PTClalt4C/g4jfV6i5mk1Q3BEbi5X4RIxlg27me9vwCdmUSC/7kmZVm7ddqa75vRxgWpwLGKsmJdXPMdTHZH3BG2bRhFbcel5p3iyTi0sM089IjxS25APRaf5wmlfqngbS2WIH8QNjuM9EidVPVyyRbAEGkeJ+8g=="}
{"seq": 56, "nonce": "wgSMJHANT2W/9KyP", "data": "Ci8OXJqotspsZbSdHLUyjSC2TqaPFw9KCaI/AFmdBty/FqpYkvuaq+JCV64Mmmag4+5hDdBTLfFwsCAKOr9boOF72k913A4uNOv7LpCbXCFtagCmfxUHYEQ4JJwkM1Rc5o9xlQ79PzDG+7bOr37soCkBekBe6pnWD8Tkj0T11Gla6yf+30s="}
{"seq": 58, "nonce": "E89WkZV+xTiGKQ7x", "data": "FMZOerVcBIJmaFZvyoxE+xrPSFb9buXT4FZsqdLHB3eEBUvUPu4Lg2Ft2cyeFkt9zdNbe4op51Wn4y3oSJoMaymaMYh2E9ufAUL57OCcm13TzkWZSLhn/lCRrcIjEhOLejk9D/FiraxgPxY89LVmZJiT1dm5DXymKJyu4bB73sCbN+rHNZ8="}
{"seq": 60, "nonce": "klisgxzj42BDjrQ7", "data": "DF2Xe1BbAABRZfaGutiwoX+/vvLElo04aaGWEPloNT3uLD3oKIj2102w5C/PxBmu27jx5HavfISnL044BsmwOb+jvC0TCIeUWgxYcXvNgapKistSio6Ng8fSDRsZJTPF6dejl0vYjVnC0dKGxbH1hbAVI8MeC3q0rovkt2udSdzCVoFuhOM="}
{"seq": 62, "nonce": "MRUwrIhsWPsDMun1", "data": "SaqLV2cgxF9i0frzYnKSmsdb0ayt0G7NGlMnUUZF0oyGfv1NKDCGEpKGbTUoPvndrRcy+WUOPAJr41SUuJlCs9j5Vtbxs9MaH50cVo6B4pMx9DwCc9/31CkxGQMAHjsNR37c8OmOk1x521EMEBvNBLyhbbQhyuZOCpPWiCoRA9u45Pwk7Z4="}
{"seq": 64, "nonce": "KW6YeIA3dB4Ff5t3", "data": "cEL3l9HRj6dT1ElWRkY/7nARsnRhMNZHn8kwK6VOLUKO2mHr/Sm6KimnYwbknWv3puRtlgTAYyCCh0wmI6icMkpxpSdDxPvFruruN/2Q5FAqczpvSUvz/imXvRtVX/JRcBG1HFWLxoAJQayAs1fo6W9ZI1t4em3D6/wPWmK6G1TBFK54Zlc="}
{"seq": 66, "nonce": "ezUrtQwHu4hdWY8E", "data": "N++aERoLEL/SiWoPxv5XG7AGtpjxpkcUEwhxU2KNYTulGkpztlopMxe5FwssPVoPS5nnbcXULR2OTcRYUXltCi7rR6IYPut+6DNvL9IGJyQHdyquTf8oHVJAxbYm1iYwDRC1/d8Wg3HmwE3bvyAvB50LCVUpd0LG//56pn+V7yWGI2X7Cn4="}
{"seq": 68, "nonce": "ZIF/NP8ni2DombIR", "data": "NZQkr6sbV7hqTjQvdxmeMIrkjdqCHuALTdPquNeJVLl2iqKPJ/Zr2A3Mr8HR4XZ4CSClEK8/vRAZOGfJpydQc9KOZXIc21drORF7pSigcx3WdNNMNN2UGa+vdW5CrJF2bQuDedYobQ8zMLJI3qlcldR2ATbPyn2yPFuRjTkUGK5Hu0swxHQ="}
{"seq": 70, "nonce": "Ge7Y1FN6hZmDnyqU", "data": "ZNtOLkYyLnC/OzJWTp+857roJyKycFZi+oe1KfrFIrypxjHYmcmxmFIEhVCaNSHz9BsO+xYpY6K5VtABJ4m5VClqL/SQ8VxJwRQJXtEYe7FgcsUpq44q/s09PZDwrvzeIVeDLtRCigRYDFIvftraAdUZTkAeOOqNn5l0TOjB1DwJKL6R5UQ="}
{"seq": 72, "nonce": "yqHoh+iY8JY1wfF6", "data": "NstWmlGp3isJIGauWpxigAP6p0OuDybHJyCKV7Ck8BPHZDnFCnEEoj31UJl0bTEbGeIt/Wm3J/RdiTDwGNgD6Yrj8jU6yHT0SQItcr3sEoo0BDyfPClc7whjAEvEdh+GvwuSArCm5lw1mcGWw6ctV8F16R7n20qILXss3DUPru3eWNdVUcw="}
{"seq": 74, "nonce": "dAlT+REJOW8JlL6a", "data": "ygkQ8Nw+Hhu+sGnslo/Mr6NgjnqI69VU6ttaYa59Gzo9Qzm4gm1n5ApNpXZEtgTLLDZS9Y9cSkoco99+8tfm79JhteMqQ1wdBxCe1eeQOEYkPx8hD6hQIfQQdhWjOjz8mxHKjWEo3un4wa+HFlhA4Poksw285aYK+SM+Sv+pHA+FKKATL4o="}
{"seq": 76, "nonce": "kyMVW6ymgr5EEls5", "data": "RruTl2/JYlbk3MdLxPD2/9HKDeGck1Khcy+VfCSv9vtckOEtgomajAX6oceOIGwDYHB98PBSrgWFJmy9uA26ymAEy+eRP8+Aj9JwYDS+aGmyWcMjv9ed0dK8GVugkJVxVRBAb5oV00BrZPny2ThFWODI6pTlJnNdFcvVnod0h31+WaVApyY="}
{"seq": 78, "nonce": "7KbAyNAwCvp0Ed92", "data": "XWWD5YppcTbrR+3VvuF8BrRxL1U8sQIRZfgmhkKjZYt8a1VSxB2B4HkR7I1L97+XIcjq8YzGbLAXvnkHqTdpReoevEDiO0tujvJOdLcYTLyixtD5yrcPkLTGBMb4mKRA8cj2yNKMnFZlT7+y44t0UyzaWebmn6nJp8dKYCQzcEH7PK1g2Xk="}
{"seq": 80, "nonce": "K5AfjspHGKCEOQhR", "data": "22UDW6+4iDYueSfKh0+csMUtvXclgVS+yljifbgsRzPXOyL4dXVp7RMuRMBQwfZyzQ2ZrVaUWf3PFdtk3ArnBCfL31mzuBA2AwM8QSkXKGGjjHLbok2JqXNJ6Ol0Mp2YK9904Vmr0qejbuUT8K+VC0mb7sLhiq6lY+UpuDkp4tNoIhjEAQk="}
{"seq": 82, "nonce": "PZu7UgTWcc0cSUl0", "data": "O3z1uaIiQe0XZL9GPZLo+9F01pOOvHeY42r/8aJ+2D6HQeYwoFIKoGgZunXNocvXkAE7Is913zqJsit2KTs1IVALQ59o+R7rjrD0BMRBLF3uFYCY2j5oT7XfYeMdzXyU1W+YbX6eftDHH4whKto1UP/khfCTJJkjPt4+JlCHr89W/h0hYLI="}
{"seq": 84, "nonce": "qYICbkuGPHbyaQTz", "data": "LgUK5WnqPpurjwYl9nDFMTRcbP6Z3pqTojyH5P1j6hnKOSAf/igAXbI1Evz8raX7OouRN1e9oLRaYlQwVWSLSJO0wc076owUsiCezLPolOMB32pMxl9yybjaaA0OrmIYnTpVGh2462X353IidQfWeUKmyazuH7l4flAoEVf0ud/9K109JPY="}
{"seq": 86, "nonce": "hhq4P/iVrKfFkp7X", "data": "JgF+x1qgMLjOPiw28L6Wdj6aO84jqSpcuFzC3KlsS5Eh9spCaiIypsYqTBxQ80XUTkFtFcDwAmIg/1eqQCWlDQmDBonBa7Dg12TPUJbDbXF/OPOQ7JQefjqTj6rF+IZ4fJWfIyzaQJ3tBk9sI1COWKu+8fwPN+Ro6DK/ISkeUa01Atwb0+I="}
{"seq": 88, "nonce": "ZINJtzPn0dnzM8fI", "data": "z+sNIQIP5LZ74iNlYULHoSzTCTo1S0GD+diU+6/LsGy7NttdPgOKgGYIzZCsCgITPlcZ1c/64gHaGnlCNz1Y1xb39fmI7iqz2kaN+t6h4lPTCCJ62C3YQZmvb76LaBhGtH7nEcdq2vWspg5KZxus0Vvg9JuOFcrOUis5gOuT1YycioaXTx8="}
{"seq": 90, "nonce": "Ox06K5upNA4NLy7F", "data": "3KEqOmMkkrABhoSLPGy9O+P7XbA54vgYakoI914qngpbdcZf31AkhejJRegX17aB1Kmg8Y1MeW9DfQgATRNpYNCgF2UpDVAmxv8TdJ8KbKvGJtiO0Kyzbkx0OuQ+uLpQBGrvS6LTxxHUXuIdcVUhP6Tav9mPYGjSsNIqCUaEYvr691NSJw=="}
{"seq": 92, "nonce": "S0eWSD78laeTntaP", "data": "NGVOFzXTERGWXayc1h2SAVByUDxOcLhcyRgX6++ICa5T0ZV5txm0rJ7sTVy5JtGbjXvtv/ioluZJQLPDAj5GxpqZqgPwlUUd4zJY75+tgYc+HEJdLKEE5c/XSNJTHT/thhU/4e5UqfHEvg=="}
{"seq": 100, "nonce": "d2qqRLBeKGiXJwzv", "data": "0LOZ/f4YJKq7lAJsvJZz2dqHXRNj9VtlorXUX/zDcggweoZHR+Njfz2JLC/Ad0cDVYeIc1hbfz1Mb4TY8KPm4Q7NiTqGtBXhTBgtM2LnKhMMkbmSPEF5eg9EeyYVwVOHlMEg8H5t9EFFqfk="}
{"seq": 102, "nonce": "RQcptEogeva2GSe7", "data": "mCsKDzx6t6BAXioXtS8PajSVqofnGGhRDzq23SQ9xD7NhTA2I12wPhNYi2lBKbash4Ei8RFcBcy32Yf4buA23/C8ke1+0Iob1k8F4KAw9eZlWWdYiN0nU7BbUO48HgBdXU8ic8UVGyhY+PM="}
{"seq": 4, "nonce": "c9EfSYzqwLDoAsmn", "data": "sTIp/Nmew8IDU3Wy4kPBhP+JdpwSyA7WlPKH8+IYci5sTuelvQmJ6Ww1CvmfTJmbaltrMfbmoDezkKr8++vRMUv2T5+hctqIcfLx5/xKxmcXaLPWtD9qYotdQqgMJza4vmSxmohJ9rfy4NVK+0K99Yf7OBk6PZJ+D6LcNJQclcqFvw0RWe18gRet"}
{"seq": 6, "nonce": "knrqW2lFB3NiNtYl", "data": "am1MV/8XXLrSqkA75Imr6KgdVtpQF/ihRCqYJDcm5zGCNga7uepNGnAZ3YMskVJgecZ0ntzzzi/k/IQiTwIgOEXTxwuaIAsPmyb1doIRxU9K6gl7AGo19t87IK/71ZlA4Vw6ay8TjCkh+cWoKNkSWQvXjly16xrjAvD9LGF6l7pvPfKyyA=="}
{"seq": 8, "nonce": "ID7L7dThvbdyXcSO", "data": "JbsdURepKFGfE5JQMY0JOpBl1v1lWkBZpItIydmAA10FiQVuRNU7QfCiyA/gee06Iup/MfWP5uyWuu9LeXt40cgVpkyKUshxMJJSBQZvnPOJgylawji7ftY+CIIP27z868x+xSzv/WSuxvB+9SUM01ErZwiCOxv0fNiW6hiEK6NM5yT5tQ=="}
{"seq": 10, "nonce": "BDNT6b7Ugq3pCGps", "data": "L7XSg4bpDP0McoUo1fnRd9lbsM17WMcAhrblHEJJKMK9JCVKN+Wc2iCXKP/JWK/ig4Gl8cAjKEt5i82VE3rGnjSXOnfZD5Eft521Kn4hRbU6J+qbnGinrnpQWLuCL1ehkAB6Wn1WKHX6zDXDqGBrUbMEEYwWJ4+MA7Y66/yISI/aXu4mazE="}
{"seq": 12, "nonce": "ztNU3UDFjhazjkta", "data": "iNX1vgwyyy6UELuxqN2K9i8Hda0vovBvVjWYFIGGuwmi5Nn+EhmuHvlrFV/2s+u1lX80R0eRQHTvW3sXRvFvX/iAKW3xhQY2i+SBoa4PzgA1EL/Vf2QE5qC9TSMVooYv+N0OtHOtYpe62z+E8IQFm+iR+I0hBpS4b5RemtAuC+c3ky0I2+Y="}
{"seq": 14, "nonce": "JjNELE7dpNL8+CjJ", "data": "TUKsquwGzp6kGNfuLBmhZOgVjp0++aE7mRepvxkuZ32xNEdK/TkvgdHlmQhtX0Bbk404k9KVd3N2pCI7r0nlE890M0OgomKVJSCB5ksC8jKouPD9G2E9/Dnrhps5gM7HIH4Xta7yCx3/nYTVs0eqn/9RA0YJZG6kGZteITKnAL2Y6KB+ras="}
{"seq": 16, "nonce": "HdokPRQgE6PgCiw/", "data": "NrdAKaZ8kkp9QvrYdue30NLr85ptkrhZ/q2ZwZdPqp7qt3APbPsNkQcPW+SsFNwULCD7y5c5xoxw1uI9AEGMBzqMPBEy4inAe4/Fms1IxitEDeuUyhFsaP7IFynCrXqXOnhg/KMaeaNa8dnx43MWMk9PYhm9A0u+B/NP4w/ZDETAqIOJeTA="}
{"seq": 18, "nonce": "f99sTpUBdACkhdsM", "data": "+pLHB1rB3sNV8+f81HT60WIvg/OCNkgOXERaf25V970bBIAJ9OB7XY1NdQGQlc4f+XrXTJyFFb5xQM0qVBDL397FKEyf7G3YTRcZgpFGkCjQw3PKAIRE/DYUQwSR+xa7x8znab81C70A3wo3SdA3iOMdh6iaSLiJW4bMIQFHc/rnyy+Bldc="}
{"seq": 20, "nonce": "71b2/6PPQugfjbbk", "data": "tZ/5y2E8fuD5Vo5gBbCm+jLCqJNEdynpsNPyH75deT3WiWneHw3vWzby2fcnJMRWL+haqHrXO0WuZxZ2+T66kt+n5q5hi4nHIr3QKIdaL0aP+8mpa/ffkG+cFC0DCT3D4cKmhY0XVTtcpLdPQsSYPCGBUafdStzWrWwbJW+h/fE7N2Y+9PA="}
{"seq": 22, "nonce": "aJwqFRTYf9qkciVj", "data": "RA49njpGkgxL31F16uKcYSHap19hmI9Ca/LqKVdScJMT6Z77VcvbhR6XHCmzMiz7p6xWNosiNFfHX9WLlkAILhB7QwXrtXgToM71nJpTP6Qgd/gemrrhxuXrA9qxCsh5yOifjW9Rfxca5FmsWpEIpNIeuM7LeJweqkpxzRTJaukTYoBL1xM="}
{"seq": 24, "nonce": "JMRSZd9dTJqERkAL", "data": "3Z/uYHgz1yQYuMqHj1efkEw8/LgwU5RGsY2ylqAaT2D38/qVWSsgQ7px+04Nh3FoF8SoBKWKtUH3ycA09IpgsxFQ85XfYKbyIdDEXuGUYRZh+Nl7HVY4EYC1w+pnMhQz/C10lmi63/Qh3Le/hOdDl5b57CQfOS1fYxBQJQFPELvqA+kGToo="}
{"seq": 26, "nonce": "w+5O7k+9OAGx2/l4", "data": "ORQXWNvCVUp2ipO+ulRA1jyVlP2dH3ctF8kPvcyMxSoUIu4KwC2P/HgYiA2ViEHm1VuPvhRwXrZF2QDj7YO3iImyFc5ZL2LlhMrXenWmCII3N79JgKxNvIkpbZBWBxHkEHMKWjawUloUKCJq+a4pNeDlkAfDIPhF5cBb64eKawj3+AXIlwk="}
{"seq": 28, "nonce": "hIv7cZl0qu+oKeOZ", "data": "jtYDkZP9TRxfu23stKY75DcEsoEEcVuCBAw6eoUXKIglLpU4GNJTgDRdn+bYthqf3ZJYC8PDmpD9R6HnHUT1XG/GkwFKF2oo8khoW4NprWM+92baiVsYF5pqQkR5qIrN7Ym2ARMTvRBVvD5yGI8hhFqanhPo3wHmxgUg19gTean4ndbBZLU="}
{"seq": 30, "nonce": "JXeJMr4gQ8WcZHvn", "data": "5YZvIzLzxWlsK8SH0jmyKfRU1W5fLDSxk/K6Tr7OjQndvdMAJfO4Z9rPcsKLmTPbMsEMHCeQ2L7e8UVTY3D1QIKt/sAE2UGJjXQUl3U5rZGXxTkuuoY6Nt1A2IlBs8VCCM2PjfC277wUv6SQBdYU1fn98p3ldLKEnreVjEzD4zq3ejk11KM="}
{"seq": 32, "nonce": "MziWcB6IbctrvWKL", "data": "pNpWKSqF5uPTzjArQ2P4B/RMJ02ZVFiCNFIDWL6L6NX5vjCxJ1VOzvMVrJWhqlnI5fPNc53Ha+XA9MSwDzgy7XvAMrmA+TqyZghncXFI8zuOxe5Q0AuTMWKJgZCeeT4usu8ImOi+12TiCt0vPOpbL8kVo3wYPFhnPjLeHIJxPPemBWJEeqs="}
{"seq": 34, "nonce": "OH3XfDuZXedFOofp", "data": "rctV9NUFWukKWMGCQ7xrXvnjPpgiFpkyVKzr2gBLyUMViqlkB9bI+QXMlBXnKumd5oy2XXMiRgXsH5h8/qUT7PyOWyI8m289bs6fIL31OeuwgjFGwqCCep6x7ShWc+LIdOXveAKO3qzS/oEIQWNPqnt1lLleVrg7g48K5/XEd/ede0KBRrY="}
{"seq": 36, "nonce": "9LH71bIcAtOBeUXa", "data": "5JK+eGxexnc1npmxaRJX9vRK/Xp8zA7mMBlNtmN6c5CGnR3zvXRjPoR7gPYRF3u8Q2IRBq/Ehld+WGcgWwY3A081EqCNPy0IH8PmWoIXKFJOzC5ZjWIp8XPA5ydFl/J85qj9LkNAIhUuaVTZtbpEplA1SvkcVMIM9ydkicjNf2AZMJsNKp4="}
{"seq": 38, "nonce": "VeZ35d1Gd1oWBm0q", "data": "oEf+M51k0d6oWYE46GYV5F0Vguzd9f69b2bBV63S2hjB8U+6MaoIbp3X4/+SGY4p1aGLgweBN6E6D1si6L9sCixnjzK8Db+uTu/mKW+Lwh0TNOzUcFu9qYFLBlEyVOS4VdxRrq7hhUO22MiFhZO8NoBwLji6+OlHnmUlcqSF84yOAKibpeU="}
{"seq": 40, "nonce": "SC1BPcvdLZwdotKV", "data": "pVew6orqbI8keBnx4Jexp6pqvdGQUDroMbJoRmXZw+uPbc/KYGM5Ig59rKiyZyhJb1qy/pt9+lz5fkRzBkd6TqjMSyYK5/rRmYI8gYRE6Ki+DnF7GRBWBsfehdT7QJhiRl7hTWqmjp+btfYXUZDsolNI5UaAycgLHFQKV70HBBp50mz1vQ=="}
{"seq": 42, "nonce": "o5ybjQiZW+Iv17QC", "data": "3p6sRG2UxYcuw3REi7/IAdGzv0p5wRXsLQ9ivb/gMZVBJXM7Bt49hNmw0GBQSvfJqZeWViABSnD8gPU5lrZq2ddTFjLW/OXpEfqTb1FbMdYTZCPIclF/S0anzuegZMz4V0h1vMD7s8t0Rg=="}
{"seq": 44, "nonce": "ueUHifnqOb0CBpZZ", "data": "vxF5b07Sst3Pj3BcJbvzK/6Z/yS8HbSnDc9LB2YoL7fOJFDNDoiFmF7gTiceKlZu6e2tElF6uuPXHIPUR54jYJjltLxljPsuxy/5ygDo/7PnWf3TuhzFxMmKABzg5RblQMphHZwvg2qJ6w=="}
{"seq": 4, "nonce": "ULzSruAFRNU2fEiO", "data": "7U7ryk5SvfIsqi27jh4T61AIuj/2Quq+R+KQJpSs0RF3P3dj/l1KR4yfkXJDlzaH/yKShZoT08UHg97BErhsX6ncKkldnExcy/OdMwAy3kF1E4Ewio8KwMP6+22/5q2DMNYI/jzf9NTK3w2qb1eRlfn8l2CmvcV4Z93iUJnH9koLHXopZxoZyxKZ"}
{"seq": 6, "nonce": "X0BgdI+1IL03wpEK", "data": "hj9/ynwuTWCisPEdNaWVXrDRVO5Iaw4EhSokIEjrmlS/kDXE5emHRj+WJ4WacTgNwAjz1SJAok1Y57XULODCsa2UuIrQzayUMsExVpRdqUvP24+KhUHqi7gpcHokYiQVY1Ptj96azn2Ky99YwXS0x9HrjP73T5Ad7hodDHR7W41PU5ruFA=="}
{"seq": 8, "nonce": "W9UQVHttieOet7Rv", "data": "ee0fqHBd+b2ii7FWILsK53+0HQscKzZLFz7kI8CH/AKrn+4QqnxRomgdN8ZR53cpVeHx/WFjJKYzA68Q/YNcDjh5bObA5DYSrBm59j2ki1XFuy7U8Yp+k6+UC1rKa2Ssn2S5oECANjF1IKcQOUBTv7hcudLeV5C2/c2BYF0wT8auaLHKWw=="}
{"seq": 10, "nonce": "x1jkLhd0YwxjKcFn", "data": "+LsLGBJyYjyEx7BTjoLz7b0xHL3u5mwWh5MMoziHqSlrd8I8ePGGR1n/YDxfizluczV8//+J83VtkIxSGt7d4pleGZmWUv+Kr/GBaiY8+vCLCgb6JoGI2AO0OvaSpWwqg7oo1hZNFCqKc/xt5uVEkfrh49EvrZPhbl2UmPEDc0wKvBEHpAw="}
{"seq": 12, "nonce": "mOpceLbTGNUD9+do", "data": "v1agsQX8KyyjKUe3ePY64ZBx3zKiBD6K99KpTBJ/AvfgKhruOVJ0it0Q5ecBmyngb/g+XWBkHjO5cvsf/Q4DU3yOaACQaCOQ2nZAQYrBjMRc8+nsyY4kNWVsYhBzUq2Ugg+GxfpsOfgdok/JvpFzW0jNuIbMymRJ+n59t6S7qx7MjwJ2z5I="}
{"seq": 14, "nonce": "v62rH1lLSxJHe89a", "data": "L0KItJroeEyYOkc9glzgD1qOiPInaLKElE+GnHTHcRKqZuNNY89ceWxpOkkXhsnY/qLnlXT21dIyQfGq1MgfIoK1TT7oPi3b2vGpKx/6aVszbeAUiGyS8NM4DfglO+fVtSNp7cp3Dw0ViaXNVOzbXZI4+h5CHFguIaSS8tjr4oReX5BT6tA="}
{"seq": 16, "nonce": "3iz9B3elDYgmzP3k", "data": "ORoQz34Eh9oqgkRPINaLl1XTcIO7RkyZNKfFzPvxp7QiYu4eH9ON5++ifuHv3jw/87mPL55l2QcxDPnZk7NxupVzFihA8M8xgsgzCNmaeqOG9S4iqD2uyvpvq5dmz3WA3KG12KXAmnIclLZCUqhT1tRut5GpqJNCm9bbwc09740g6sMRmF0="}
{"seq": 18, "nonce": "CCDByjCBRPdcMi9G", "data": "bUwGU/xUUhPjuOZIrN+Oe8kHwS3BJ6PNlW7qEFX/BLAv3GEu/N7npJPnDfK0mZPwhd+7KOIrPTVEDES9mG6R4c+g6OvRv2JVzN84nv4nCSPh2t7Xm5wG1of+LCCUWG8v29xIa0PoNTdHZQjJLhaTSCGaDaiV7qDI5DDxWHVGhKnjWjNjXkQ="}
{"seq": 20, "nonce": "hiEMD0O8aNlMxgur", "data": "HCp+pITik5IFbVl5URS1j1tMXads0vwd92loQLagMsML0m12pkDgORECRyE7Svfkt5BXvh759kOH2grkKRA/kpH9fgGv+Gyf9Kha6S5z/uTfANpT/c/7Yk9+TdY+NdawXUENnWYKSyXUjQ0cwlmcw7kU/NAHa0EjQJ/8vYkF+CvkGCagd00="}
{"seq": 22, "nonce": "aKbmy8qk1mjwfrnR", "data": "eDQPV4Y9htR8qWnlP2V+YVf7QMqBodLjaQosgMRsbHjZL+GxAncLNW0Mr+fbx4znWeYEch3zv3ASJut2nmjLRscFOweyvt/9EPyVTcVsVmJOugNapDaNGqGmK3bHgKXuyQIoT9kLccd6yvh6OCqj4gntUyYmHbutg7UcssYdfWMZ3JOniBI="}
{"seq": 24, "nonce": "kPNJrFRzGBAraF4p", "data": "lz3238h4esNr30r93ZMp+Odn9B6/f6XvaSVq+zRIhztobnkIAzvLqVOwJhAnddNOBfVIHq9yWGV6TmYjYuTB37Rs0uQOjjjdbtN65KMBtfyMblutHHYbxxLNzOF+eRmljDEheFJDy2sfcxgnIWB2zUAo1HEbAfzqktUYU4OuKjYngQ6gCQg="}
{"seq": 26, "nonce": "TsYsPN6XcRAcpRtj", "data": "bdeOFNkgPXwKm3+9cZmFSk9EomyCQBjtUkFOP4iHP/i0En+y0nCEsVbv7Sy2GPNBOhyQbCnpPVvsAqOf5a8+IVPRnH7/J2BP7RbmuPoitc0o1ePONAQo1a4STAXQj1Y+8861r8tjCdvT3qxs74qPAhPCFL3U5ayAXq03HSHUd50RFOqmtx0="}
{"seq": 28, "nonce": "Bu+RnVQPOI0QZsMG", "data": "1vlNnu+MrFvAudPDuq/ehkMz1IkkpMPitbCnxeo19AQuH2y27sKMStDAEwcGrdJw+u4BMB3kyj0xub1arMUM0f1j9DxN/XJtsAs0U2hljj4WgwSbOuwd0wFvnFAP7o3o6Zu4uSH10Yf2mWu7AY6xmMrSdeGGFYLM+taSda1euYex4SjaW8s="}
{"seq": 30, "nonce": "2hDWH6w3BAvOz2oL", "data": "/Tu6fnsfL28P/h9IHSDC/cNkr42HWXfYbNTHK0mLhyT8r2OiCzvKKR5byLF9xvh4Sl7ABTQPNUtAMW01D8ZW71Fv5BlLRLlA5m1hgIumf4pcAQZyi7feDmJVEQMJyfmEKYmz/MJQZrcyLjbP7e4cY9b9woNYJ77IwnxFvK4acTTvRWtdB4k="}
{"seq": 32, "nonce": "p5xw64ox6nLmloGC", "data": "Odp01TC0rixwXxzmkTHcByD+rcUGjHftDRoOcxWUXtP49NG888pys9yqnLZ7YNwvhWokPIXIZSuGrvdkZsEnJP7S7Dx3dGrfMJm6hswltVJcaAx+M9cE011htcqggZneHeomxXkNRrN4TpuPr4a7PqA8DvbGQiY3pLJU7DtFTGt3tsskxYU="}
{"seq": 34, "nonce": "QrFJ5CRx6bStyXOG", "data": "nc0UcNIgqYzSsuivO1TJKFUj/8J/vd7/FAEEymsv+qfhMONvdUk2djGZ7ndrVzCbCiEVcq9qtgEFXPBwNOMBSe3Y9bUF8ONN5DFLMbv3VIJg+9xSCjskFc9oaJjPBMPga0CP7e5JmF6/HvUNSs8wmlJ5F0egWXniF790W7++nnN9Hp/33/g="}
{"seq": 36, "nonce": "Nr/nxfeURK61hDiS", "data": "QTLIozjsF8LfD0WQHTZjl/JSNLFRlYl60XF5IZoQLuZTaQSZFFVQ0EsMCEQdUASnUBczRufSCnd4E5lPweVg4bDShnVdd3d1FspZjIKVpEbKSlk+qwiPsl3YgftFkeTnso+TupEljTS+rs3VqBS4jT/tmLMzy0zL3w/sXTx2rcL/z+75OCU="}
{"seq": 38, "nonce": "kDJ9qKNh8pd+ZTPl", "data": "cFkN+m2b9d5okhmhqs/usFjqdxZAy8DRyY42VLOcLiDJOnAVrM2AX79v/3zkX9YQyO1qQ2iSY6dyuV/RYvc/NtIloCC94rl/dIw06ZyycPW5bzs/Tw7AjcmmpahbcxR/7pdByfS/kcV0z1bNTF1FZs1Gik2DbmWehdAfK9dFadasnHGKjnI="}
{"seq": 40, "nonce": "fy6GJekpSUXYT9Z4", "data": "6u7v7FA1h9nCsUKUrVMcG2Yn2t3vYFYxeL4skmJNmN/NFSJLNrpiY+qiFWANuwmqlGxiIMRGTjNlTNffuevm/oIXQw2sJc/pp1PHspOKPgye6mSWWMQwtfS3e48J4THwurQTwXiUZ22RF4Qb8Lv4IBRl9MiLSoR1BIWaf5syvV7c5QWXLA=="}
{"seq": 42, "nonce": "5x0rxi+uzxb99P/A", "data": "CpT25l6kPGqOOYoWBfoKXeKjxLckRfMCdcp8rCeh8S4hsfoMKJDBXnc4T3jz9eQweehS4Yjgmy7mZVK9Tsc/97xoS8vnmHHuIW/+HwaD9uHitd/JxLXf73ecvKc6xm/Tr2LF5mXMuStVFg=="}
{"seq": 44, "nonce": "24+E4N7FbmgHHePh", "data": "KjPosiPeNmtI8wgUNQnPt+sGwmJ/ZsW1TfYXGTkuV4AGdycVQK7KnUIZQe+1GCXEpDNucktMsVkjgnCjjjFWxfP0RYB6dzit1IFn57eNgYhn3bztEjr0eI4YE56yMzZBenbe7cno/I4+t6gUhNrMjxQI+iq9jci5Vn0aC+i0AaP6jbyM4A=="}
{"seq": 46, "nonce": "VKBdR0m4CkoZDw4w", "data": "Hib+ZMZHAFDbyBdUZMAWa6XfScwAP4UlrwSvbPOFzS62aidYbQY17i64MthftqVb+dh6nHAwMOjcPoJI7F/h1CvUkaeX8WTeZZUZBpigUik+2JvqkaechOLQb1LTMcz3PBsj025RVqCaSQ=="}
{"seq": 53, "nonce": "wJw/9ZOlvruGXrYX", "data": "MhleXKlORUcNiYp6YoMWfzl971P/vSCWK3/HVA7IKGlQVO8swyFzGQw8MsuBrlXaFVCTLkSJD/zXoOmRE0KGjme+/wGoNFg64F/MylJ/SLTH/5sQwxncKzrxhU6t5bo9MBNkHhc+hgJqPRwlKME3nlKXcOLv4hHPNrcv4JjB8BEcRtrsg/kuvrvrMA=="}
{"seq": 55, "nonce": "Effxvwe+x9Rc1HVj", "data": "6QCoBgguG2QcK5ovr220nPPVnu17UjwZugN1DgBT13MWe5l71+lCrTItVHejiYwfNMEE5Jr/5r8MiiojD+6kOhfCrY7L/3VW0PS+axN0Y8lO2K9hqXBsVBOHLSHTnWMJKTYUUjd9n/IjjfB27FI+wmudE+zhHI/gl2fi3BPLoZIPoJJ5j4w="}
{"seq": 57, "nonce": "9dGLcne/aIPgGoIv", "data": "k3MYV/CbDWOsf0/0MCWhf9dTGJPZ5MCmE0TvFbMnRit2UEoJiUhVXIQOiXaFXYT1X3d9MbWNrypHS2I7+R78sVDeUpBK4+hLZ2zBQp+gYomFDoZBAMs/esw5tqb7PmwDrsSVmGfnFMQjxZ3AfOkY0zwlWnw3nkPsgQZrAtkNywKdENAcZ0I="}
{"seq": 59, "nonce": "jP5mKbngHeqkTU9P", "data": "swYMiSCiF4v1TB9ykxlIQlgQzTEbwfoXJIT8Q900PIwr1JoMH4z+gnhCkb5u07AIV9gP55l4ZLB8uElK0Vw+0W8SY1/3PEqsck60AJPKfx8clnx5xGI7zKbzyg4+aRsT8RZ+K/E6p7BTRWuBSrqc6bM1wQigxqTt5j8eA17qucr7mIW4jfI="}
{"seq": 61, "nonce": "lmbFYc5SLYu0Ijqo", "data": "TQuJySL42mBZRdzQRuG5Siyjtuf0VKLJ08lO2cDfFXNPU8wqx6+er23rZwHmphO33W3Xxgiprt3a8gb4b2m51TIuvMe5vT9fiHdOFyB3DO18eHsgx/yE4j4c+fKHY8kDyUy6airGyqy0iVn2NULk88a8kzgZauPC/pancsEDB7Z2MTxD3t4="}
{"seq": 63, "nonce": "kxasLOB4IgpFEAH+", "data": "23LR9O6qH98Xvp3hW4Df8EN5YonUoL0MD8TPb7l7AGWRSvpkFaVyaqv5oakfQw1bdpdFUA0qVBQstbs3zC5Q6eV7i15qpLZSpMUCzCrK9Q48di0wogor1rCkZulESrMrzxOkf20gv22swEXHEGDSCcEQcDmdyl+3B3p68MTjWOTeW1BnQnY="}
{"seq": 65, "nonce": "IsipqaRWtlkBEmFe", "data": "IIPA3dQjr7jH7YUOID2+1A/mX/JJm5g2i2v2ojp1aUuULTZcEU2prrpB1WVAk+EVKC7sPs7yC/dbo2EMRA+hUsDg9TpPAKQ6D/iOC4iZer57TyxON+SrWZfBmhYZlGVgMvc4ocnyG0d2SFucpY82g4eenEp5xIziOZBYft8DAQzMxEtbpXc="}
{"seq": 67, "nonce": "uXDmusyGyIdA4UX8", "data": "o28/ZaHaR6gBWOAZihE3CbCybWeCfamMlOiYL13/ziudxiImZ1b/i/KEnOZxYEv6jGKv7JK9SnnEb9ZkKTLKU0tFPJ4LrABcnziM0h4dtSHN0pa1zeYRFHPjXZokyz1oqqhbojgheKIlWc9D6mlT6imhdUcvxZYWFOen+dGrfoOa+IFrk+U="}
{"seq": 69, "nonce": "oWw+LijAv6LV/Gd/", "data": "gY/SdSKjeeRYhMbLlSS24zQ2U3Hxl7pQK9WKovn3/0bzG4liIv7T/yQreWVr7thPuHuBytpD4xqkDpKUHGDh5uOXK9NXZKi7Gs+CRR9fQtTK3wxF7KjZkRt99O82UM1GWHhoKe5S1d2aCgTPxl9akLXW4TtnMl3p11Bn4A/+ttfWa0usAhY="}
{"seq": 71, "nonce": "m3GIJWBDgXd1YpCF", "data": "pvyvEW2Bh/A0lvEjVn7j+ZYj5N8udxpBYWbRy/hxDRMhWlg63u0OR247AA0eIDRss+8VYm2/TqqtCBNNBQKmsAXUZA+VQBBO50dC+FoNomjilFbxtzGOy2uNlyL3r6Kn+c5uef4pl/GBRr5+s2OtxT54CatRk4vSxYH8ypcDe3t+vX1Tx6s="}
{"seq": 73, "nonce": "YQqyl4Bz40nup75v", "data": "mPjCxCHrpP79Ha2b2batCZ/Rma6VEUioNpy2JJUPswOYh59uN6ekg2uwbCQ+tmdmrUHbYCGDlst4env9m+jDR8TgfyX/xwFNEUhJ39bzxSKina1MRiHoAGoXKn9wnIA8Gn3XHjKrm2X5H5mKaBnZQpqIt1RRcsoWqUdleD2hdKZMr9QBUfM="}
{"seq": 75, "nonce": "ExgG/KHCko4HPfDj", "data": "5+CnGW/tn7QmoKsw639StpglwDfIw5POPuOsuV1pS2uF/+ZAPPxzpxYtTFSWSxL7ELde0QRrrlPMr6N0Un4kEthZLjSSLEWS78BNO5jtRcU0KdDlg7Wy2oSWpX60tZrfd4XsoJfPaDjK+hkiZnjJw/fTJDzdFFRRiWn5lv3GKwqydhZCK5I="}
{"seq": 77, "nonce": "tSs7pGMUPH/mL5qc", "data": "MBXXXEHyBQliwHU1WgLEr4RPEKN6j5CujTvDMtaax3Ei5RgKqvZIYCQnou3h4IEGc0v7d9+KLo6DioLEAdHUogl+y7oEt6ecWMr1969FaGrS23FeJ/sW08FIOFpaJaB+3rL/eLwmltMGf2D20GMnkEM/jo73c7GnLLzMK2Y3YKXgmyZ/5Uk="}
{"seq": 79, "nonce": "UAoYejzazric8l9j", "data": "2uiqUOWaJNdQJlBb8m4pG/RkiJP/lHq6NnXTMnL+e00H6uiqF9iuw1iFYmLnhHG4+CIIUMfoGxQt+nqdSeW1uQKy+EOEiaoH5ozFfkphGAcxqZqUUSz1MJcbFMg/Ev0ED0RR0MK2sj7ZbhSORf3QTA/gqHi+isUOUIsKcZk5RBaJkixw2pE="}
{"seq": 81, "nonce": "r7/MQx2UbKEq6wBf", "data": "ktu9u5VxO8JfgHlQoTAUkSqy3yM1l8uzhAbqaknBx9ITrKgHXRGzK3K27zBpUC+6lXzwvw8MxFZ3bRMJW+lAZwe557On9DlprNeb4c3ZE1Cgz2EaeYXqa/Ki3SZnrrIJT7PlgIgDTVkxqaBEgdi5zWg/eZ+FsfAvJi56ycyyhCccWnwiWHs="}
{"seq": 83, "nonce": "nGBXk05G+j4Rxtk6", "data": "NCw53KphXoQLVU7Wtz9ZAadlyujIfM1L2foDD3VH3ywOh9BWXQojejiGxKCHeUWld3mgspmHf0RXvtXf8bdKbnl6wG/ZvVEW0DPVyxXRmguorFPDlypg7iTAEFH60z9giMQ178QcPPZLpeFQq/gAn+IH6QKIyEsjhP9Z7KF6xyJ9Z67THZI="}
{"seq": 85, "nonce": "Y8ksF4yj6PyxtbZ4", "data": "xFeezmJGKASjskCBPOnemr8VsGdal0HXIr2k9Io2Q7jrEGu+d+g3vtwgRUy9PPYVAjKCOiIS9AH7ISP5HVpHPaDDSDj4AsVbusIt2hSNGY7kSa64wJNyGf1lvfssZV6p27YbA3CEGsuHmDXI9ytTyO4wAzyKIQz/wuQJXC5bz3hAYSYx+zU="}
{"seq": 87, "nonce": "8cUoMjp53IV/WOh/", "data": "sBXvzEuiiZaKvXdn6q/O/hbb91Y6+vTnB3E8ZRCio/aU0KhVV33nM04ksebjl5Uvd9MliHngyokf8j+S6KYDvGCOgl9sKOUMIacSSlq1TPl9qK4TSUPnIrzPk2LO3vzSgOmTgSJNt3sl067LUdFUdxI31piNMXftFeccLNwavwEegnwGUA=="}
{"seq": 89, "nonce": "9/HaOr2atFeorCGK", "data": "cxaPqO0+ByLWp981cZuMu4HcSnJylDRerOvxsNt/pJau3TwCccMJfcyYpOqsCsPM6xdE+o8lBsAZPSR8XVZhYe3I8sN8vI7b2iaEEjCD2+7vyqNTqPkEGmqwSzALX8lsoeILRhRpOEZkhw=="}
{"seq": 5, "nonce": "XUHaiC2FaPoo8H20", "data": "JVX/XwvizUQffwl4Vkq/EOxh71o0cnK1gAXru9KIqrdoMvSXYOcjgBUh8GORKX/r8uXPIOF7bng7BCl/BTQubc0spNKEdWShGb+8CDKSxPyVLX5kkTZloBJpwn6SBAoJlqN970CcqceKXXmcG0y+XgGi7YWIr0Z2WUPeEX+3pRz11KUJNefxBQ+r"}
{"seq": 8, "nonce": "bT12i6MsWQliqfmO", "data": "mKrpJ+89LV6bQgONbnErfBLETaKXkY8u0q8BjUfQUjFRmxjIfaqRA8Y49Zg5FYwjGI/pagEbPH+r0uCc1huyQQzsLJfnSw0yb/D7C5QDG4/M7ReoKyrc4WWPn0BOh+WlmykIVbPb7F788OaPi+QeCmL4Od/xuGEE6di/E3uhj7pb+Z3Pf1n2ebal"}
{"seq": 13, "nonce": "LnGWwYGcHHA/SdEf", "data": "g/th39C678x+KgBD5O1md5xylmMs+5CcjP4cIKs+O1c1TnIyDBtd4nop+8+RKYy81OYP/DG/ypSseSFD5555u7rmdLcYBQoHIlr+9mvxA9sykkTYr8148V4G2j11n7we1qcEJOxCxJwsOd4pi9H5VYLRfWNsvnCEi4IYNCE099keEWQOJyUsCEBU2w=="}
{"seq": 32, "nonce": "akYd2EBavX3lPhDm", "data": "juVM/u2zY7VJFwuYAnAEhI6vavHcrwIreFoztBXIPPOY/gAtIbqidMem3ZeLPVWA1OHd8+UoBpYHKowge48YtUkq/pASnD8LVR3GZjzEF5Qr3PhdG6aO8P/4jQXV9VghyqQ4BVZMtM7WmK3pH5O6FqkqGJW+ZnYssp0rlJqhFyHG5RpBF1GalDzjmg=="}
{"seq": 11, "nonce": "sW/6e/0U5BV1+Pvn", "data": "2MXLPQCTQH5ktpJk7QDz5wH3FCYFRWAa52+Xlf1uQo8jzJ3C2becSx9C1DB0ZJJjuhHm5vpF3varV5mrPi7lVd3qDpH+hKqivspOLOqsvs5MaFsfhjGwu41AoUjh1fmbhLO0GttVQtdtmnFnG3nFxRiX2muZif1nVZTnERcaZ+RkTABCyYNXtsZFq9xPbQ=="}
{"seq": 14, "nonce": "iFMIxH7BcL5Z5u2m", "data": "w6FEjRZ3ZeWuQlcYjDtKL80Tm0h/yC/2c/5O7/C5+X7QXqJ2BzGbTqA81O9wmoUPpnEEnuMXEpB/7blD0LJejwYBxWxjMN/iYH//MugXgqjubb/xR3kkvjGndqnZa1E6DC+E74XbFPp0TM6PmngAQ91WV2+I9QizH3qhC1Q0FVDMdlQ+XOLg9UrUNDOdew=="}
{"seq": 17, "nonce": "+DQgGtGLf55KYBoo", "data": "2wd3edjkWxixIVZykKbUrfBvinPul/9vcAGyK9PzZeuHt+plTjMSuz94jwn/RcOkoPGnXQQPs9wHPWwL/2E5JA2fVp4Ms+h0s2nwCwmX1hRIft+0W69qO8lliNwHRrupHGWs6bWx/W+SW4wCXleCfiXvbAfV3H9NmUQhgRsZ485kVUUE0z/bPhzFld3anw=="}
{"seq": 22, "nonce": "lLbhNlNvA26CBULq", "data": "+7FF+5lsJrX4iNC8PT6iQBB/oidtqbssTvcluxMsnO+QDtuhsXX0/1l3O6k8F/241AoLRyyHiFaUblSl145HgJojTPbJnA3jaggM4gPhLCvy9u0YmS51MNlIoBsG2shoLmIYFZuWTkAnUOHvh1cB2cKzwN0TUX4zyLT9KF3eNVcVVrk8/GHT+v8TUg=="}
{"seq": 2, "nonce": "f1l63DUYTydsoDdl", "data": "dZsFG9MK25d4CzpgWSpYzA6v4hjN/IsrcAOjpOpjFlvicKA/mvuwmx5LSaOPUnq9cJbSx6ePvLu6pKlJu6kJCYy4vLwwL/CxpdRFbrSvbjZSB5/DM7VmTAseYwEbl6JwMjfaKCTDgaQnsVXzG2FHGUL0XKLmSzf4iYjmRlqYirSHgff4fOnVoc8E+QjPzIT1KmuJmbIapWWTwLQHIREIfRJ198siZFRjp8a57w=="}
{"seq": 6, "nonce": "bLoMVtijBpy4Oz8Z", "data": "SD8pLYf7gnBDSHaEnoY67a8gAV4hdLVZ61UD7Aukw64DW1OiIcaueDOnMb3tA273QXsOGEcewLZFHx+eczMlK7jrGKpWOn7u8TbypYreAHPs8XQMQYxHMxiYofpXt1dZZ5J0MdosKjNlh1LxfbPjfEG1Fxhhl3RJMGyK3ZxHVIzvAUoA7wA+jkt6QroWuTH5Bnz4+V1Mhd6+MN3V8HFR012IqqluDjZSVThPjA=="}
{"seq": 10, "nonce": "Q1SDegp21Vzx+7uJ", "data": "Hww3mpWw/z0/B5aSrM+l9VKN9+NvNSt9WxvaKg0e2WfsgnbFEyB8WjRcBCbiS6bRPsnrQS/Sj9tKdEzv4IwFXtcA0ob8WQq7fjv+WwKCRipugXO8YkBXS+0o8hBe2zLecfDS4TBy2bjoAsRLGPKlhxQlN2fjF/WwfKczEa6Rz2IMyHNTb2eyRY/jFcRRqSkT29NX4ZxYQcTHusBZfrUvqFl2dOZqSuw1vz8B/eI="}
{"seq": 14, "nonce": "gLMSQXKOJLmoccpg", "data": "LX3WmG+rznVRXyjYR2YyBRVeLIit1fVESZqgitEAlOdVDjTFGO30tJk8xJEQ4Ba41qYzGohMThbL1/zNwyzDfkcXWJgnkpnhMa0rgRJG63QSmjfmTUHKgejh0aJD1ylcQ9jJ5Vx5GUxBf1xDjnWu1fe+5KuC/5PPvtZFEk9eGfP6U5eiKPCv8cBaigfgKeoeQ5L5G4jUgsOQWc95/LkMqTkwD7jKLr1l2hAbWiQ="}
{"seq": 18, "nonce": "Yt+IzMa/fldWYhAZ", "data": "n9PXiqnxzUpL/+/FQZgoHhLbFIGnMGznxPubljXKNF4M2KqTEbD+iAGW6QTFmIUzPwyez2oIsnsMCN1yihVbPRNjwIB5BRTOp7Gjy1sPQMDzODYxUqYs5/vOLLld6/ShnVl8ZuCkljfG7drjj25WC+cDKtjkzxmcCuYVHcCFUvmUTz4r6nozAN9hIiZjTl7X1DZ98bFelO8p+RFp6e8lmo8tm8Uo3bqm3xwHtrs="}
{"seq": 22, "nonce": "DGnvMx3RLlVwl8mQ", "data": "sL/yjEnlGTS7WWVZFIGoZyLqMPaWTjLGjRbnCE2GWbHCA9dovJfbClgUblYijM4t93pmrPvmp9pgmIxuGtdtxReRFc/EJh0AaEjGP3on65uwtP0DTEVZ+Ebdzp0omkmSECV8o9IjPJZo0o6SQe1e6m1Z4Jj80x1t7WbrdJfJsmzvhVcNtb2WHU3tP5daUroH1hPcD6wNDIUo5sfCG6N+xj7duWCDgJz7EDCDc6o="}
{"seq": 26, "nonce": "7Pm8OCBPohtZ4AGG", "data": "sdQ9O+vgXpOcIBZwL/Rq1hrm6xgGk2UhI7GRtQ4sQpLRX670JFPdTuHGDz+04xnQaCSbekOcJ54xHiqFqeG66EX6JCFXb5xymx1nTiRs/686cKaUYQ+fcpO3oCW5wMisKylv1/A5/kJtroswvVgeMB2OhKlnEEohLIbiIZlCHYfdMHrjnLQKCPrn4tTnI3noSxLGuGeicZvYf5Pc+9VJUCJ6KjXIyFXU4aNIrps="}
{"seq": 30, "nonce": "ZQWpgwbfaHXNbBDN", "data": "Ght0940sXVr+egEXEMKWpvMc8AdUjjiwmmBnGDvMg0cTJDBeAe1Yb8N324TEG0Y1PuqrHafL86KM40JLwwfYlsItaM/Xn/KdV+dMS4X+iQCo0ECgKfMjXxXgepsTK4CqvY6HPH1mj0OAjyuLkTs7XcUT+ddl+mslW66TcceqQ2gtX52aFWB58t2BAo8DOzLjPDOJyDx0VDRBNSIytEeFOQwBb11Zv+vAAisMUQk="}
