2026-02-28 02:27:25 | USER=alan | ROLE=student | PATH=/dashboard | DECISION=ALLOW | TRUST=100
2026-02-28 11:03:39 | USER=alan | ROLE=student | PATH=/dashboard | DECISION=ALLOW | TRUST=100
2026-02-28 11:03:43 | USER=alan | ROLE=student | PATH=/student/assignments | DECISION=ALLOW | TRUST=100
2026-02-28 11:03:48 | USER=alan | ROLE=student | PATH=/student/notices | DECISION=ALLOW | TRUST=100
2026-02-28 11:03:53 | USER=alan | ROLE=student | PATH=/student/fees | DECISION=ALLOW | TRUST=100
2026-02-28 11:04:09 | USER=alan | ROLE=student | PATH=/logout | DECISION=DENY_RBAC | TRUST=85
2026-02-28 11:04:09 | USER=alan | ROLE=student | PATH=/restricted | DECISION=DENY_RBAC | TRUST=70
2026-02-28 11:04:09 | USER=alan | ROLE=student | PATH=/restricted | DECISION=DENY_RBAC | TRUST=55
2026-02-28 11:04:09 | USER=alan | ROLE=student | PATH=/restricted | DECISION=DENY_RBAC | TRUST=40
2026-02-28 11:04:09 | USER=alan | ROLE=student | PATH=/restricted | DECISION=DENY_RBAC | TRUST=25
2026-02-28 11:05:18 | USER=admin | ROLE=admin | PATH=/dashboard | DECISION=ALLOW | TRUST=100
2026-02-28 11:05:20 | USER=admin | ROLE=admin | PATH=/admin/users/add | DECISION=ALLOW | TRUST=100
2026-02-28 11:09:36 | USER=admin | ROLE=admin | PATH=/dashboard | DECISION=ALLOW | TRUST=100
2026-02-28 11:09:39 | USER=admin | ROLE=admin | PATH=/admin/users/add | DECISION=ALLOW | TRUST=100
2026-02-28 11:10:01 | USER=admin | ROLE=admin | PATH=/admin/users/add | DECISION=ALLOW | TRUST=100
2026-02-28 11:12:39 | USER=admin | ROLE=admin | PATH=/admin/users/add | DECISION=ALLOW | TRUST=100
2026-02-28 11:12:39 | USER=admin | ROLE=admin | PATH=/admin/users/add | DECISION=ALLOW | TRUST=100
2026-02-28 11:13:30 | USER=admin | ROLE=admin | PATH=/admin/users/add | DECISION=ALLOW | TRUST=100
2026-02-28 11:13:31 | USER=admin | ROLE=admin | PATH=/admin/users | DECISION=ALLOW | TRUST=100
2026-02-28 11:13:36 | USER=admin | ROLE=admin | PATH=/admin/users/delete/6 | DECISION=ALLOW | TRUST=100
2026-02-28 11:13:36 | USER=admin | ROLE=admin | PATH=/admin/users | DECISION=ALLOW | TRUST=100
2026-02-28 11:24:43 | USER=admin | ROLE=admin | PATH=/dashboard | DECISION=ALLOW | TRUST=100
2026-02-28 11:24:43 | USER=admin | ROLE=admin | PATH=/logout | DECISION=DENY_RBAC | TRUST=85
2026-02-28 11:24:43 | USER=admin | ROLE=admin | PATH=/restricted | DECISION=DENY_RBAC | TRUST=70
2026-02-28 11:24:43 | USER=admin | ROLE=admin | PATH=/restricted | DECISION=DENY_RBAC | TRUST=55
2026-02-28 11:24:43 | USER=admin | ROLE=admin | PATH=/restricted | DECISION=DENY_RBAC | TRUST=40
2026-02-28 11:24:43 | USER=admin | ROLE=admin | PATH=/restricted | DECISION=DENY_RBAC | TRUST=25
2026-02-28 11:25:14 | USER=alan | ROLE=student | PATH=/dashboard | DECISION=ALLOW | TRUST=100
2026-02-28 11:25:27 | USER=alan | ROLE=student | PATH=/logout | DECISION=DENY_RBAC | TRUST=85
2026-02-28 11:25:27 | USER=alan | ROLE=student | PATH=/restricted | DECISION=DENY_RBAC | TRUST=70
2026-02-28 11:25:27 | USER=alan | ROLE=student | PATH=/restricted | DECISION=DENY_RBAC | TRUST=55
2026-02-28 11:25:27 | USER=alan | ROLE=student | PATH=/restricted | DECISION=DENY_RBAC | TRUST=40
2026-02-28 11:25:27 | USER=alan | ROLE=student | PATH=/restricted | DECISION=DENY_RBAC | TRUST=25
2026-02-28 11:29:27 | USER=admin | ROLE=admin | PATH=/dashboard | DECISION=ALLOW | TRUST=100
2026-02-28 11:29:30 | USER=admin | ROLE=admin | PATH=/admin/trust_management | DECISION=ALLOW | TRUST=100
2026-02-28 11:29:32 | USER=admin | ROLE=admin | PATH=/admin/reset_trust/1 | DECISION=ALLOW | TRUST=100
2026-02-28 11:29:32 | USER=admin | ROLE=admin | PATH=/admin/trust_management | DECISION=ALLOW | TRUST=100
2026-02-28 11:29:33 | USER=admin | ROLE=admin | PATH=/admin/reset_trust/2 | DECISION=ALLOW | TRUST=100
2026-02-28 11:29:33 | USER=admin | ROLE=admin | PATH=/admin/trust_management | DECISION=ALLOW | TRUST=100
2026-02-28 11:29:38 | USER=admin | ROLE=admin | PATH=/admin/trust_management | DECISION=ALLOW | TRUST=100
2026-02-28 11:29:41 | USER=admin | ROLE=admin | PATH=/admin/trust_management | DECISION=ALLOW | TRUST=100
2026-02-28 11:29:52 | USER=admin | ROLE=admin | PATH=/admin/users/add | DECISION=ALLOW | TRUST=100
2026-02-28 11:30:32 | USER=admin | ROLE=admin | PATH=/admin/users/add | DECISION=ALLOW | TRUST=100
2026-02-28 11:31:43 | USER=admin | ROLE=admin | PATH=/dashboard | DECISION=ALLOW | TRUST=100
2026-02-28 11:31:45 | USER=admin | ROLE=admin | PATH=/admin/trust_management | DECISION=ALLOW | TRUST=100
2026-02-28 11:35:39 | USER=admin | ROLE=admin | PATH=/dashboard | DECISION=ALLOW | TRUST=100
2026-02-28 11:35:42 | USER=admin | ROLE=admin | PATH=/admin/users/add | DECISION=ALLOW | TRUST=100
2026-02-28 11:35:49 | USER=admin | ROLE=admin | PATH=/admin/users/add | DECISION=ALLOW | TRUST=100
2026-02-28 11:35:49 | USER=admin | ROLE=admin | PATH=/favicon.ico | DECISION=DENY_RBAC | TRUST=85
2026-02-28 11:35:49 | USER=admin | ROLE=admin | PATH=/restricted | DECISION=DENY_RBAC | TRUST=70
2026-02-28 11:35:49 | USER=admin | ROLE=admin | PATH=/restricted | DECISION=DENY_RBAC | TRUST=55
2026-02-28 11:35:49 | USER=admin | ROLE=admin | PATH=/restricted | DECISION=DENY_RBAC | TRUST=40
2026-02-28 11:35:49 | USER=admin | ROLE=admin | PATH=/restricted | DECISION=DENY_RBAC | TRUST=25
2026-02-28 11:39:23 | USER=admin | ROLE=admin | PATH=/dashboard | DECISION=ALLOW | TRUST=100
2026-02-28 11:57:52 | USER=admin | ROLE=admin | PATH=/dashboard | DECISION=ALLOW | TRUST=100
2026-02-28 11:57:53 | USER=admin | ROLE=admin | PATH=/admin/users/add | DECISION=ALLOW | TRUST=100
2026-02-28 11:58:03 | USER=admin | ROLE=admin | PATH=/admin/users/add | DECISION=ALLOW | TRUST=100
2026-02-28 11:58:05 | USER=admin | ROLE=admin | PATH=/dashboard | DECISION=ALLOW | TRUST=100
2026-02-28 11:58:06 | USER=admin | ROLE=admin | PATH=/admin/trust_management | DECISION=ALLOW | TRUST=100
2026-02-28 11:58:08 | USER=admin | ROLE=admin | PATH=/admin/reset_trust/1 | DECISION=ALLOW | TRUST=100
2026-02-28 11:58:08 | USER=admin | ROLE=admin | PATH=/admin/trust_management | DECISION=ALLOW | TRUST=100
2026-02-28 11:58:10 | USER=admin | ROLE=admin | PATH=/admin/trust_management | DECISION=ALLOW | TRUST=100
2026-02-28 11:58:12 | USER=admin | ROLE=admin | PATH=/dashboard | DECISION=ALLOW | TRUST=100
2026-02-28 11:58:17 | USER=admin | ROLE=admin | PATH=/admin/users/add | DECISION=ALLOW | TRUST=100
2026-02-28 12:01:08 | USER=admin | ROLE=admin | PATH=/admin/users/add | DECISION=ALLOW | TRUST=100
2026-02-28 12:01:09 | USER=admin | ROLE=admin | PATH=/admin/users/add | DECISION=ALLOW | TRUST=100
2026-02-28 12:01:22 | USER=admin | ROLE=admin | PATH=/admin/users/add | DECISION=ALLOW | TRUST=100
2026-02-28 12:01:23 | USER=admin | ROLE=admin | PATH=/admin/users | DECISION=ALLOW | TRUST=100
2026-02-28 12:01:30 | USER=admin | ROLE=admin | PATH=/admin/users/delete/7 | DECISION=ALLOW | TRUST=100
2026-02-28 12:01:30 | USER=admin | ROLE=admin | PATH=/admin/users | DECISION=ALLOW | TRUST=100
2026-02-28 12:01:31 | USER=admin | ROLE=admin | PATH=/dashboard | DECISION=ALLOW | TRUST=100
2026-02-28 12:01:33 | USER=admin | ROLE=admin | PATH=/admin/users/add | DECISION=ALLOW | TRUST=100
2026-02-28 12:02:57 | USER=admin | ROLE=admin | PATH=/dashboard | DECISION=ALLOW | TRUST=100
2026-02-28 12:02:58 | USER=admin | ROLE=admin | PATH=/admin/users/add | DECISION=ALLOW | TRUST=100
2026-02-28 12:03:02 | USER=admin | ROLE=admin | PATH=/admin/users/add | DECISION=ALLOW | TRUST=100
2026-02-28 12:05:16 | USER=admin | ROLE=admin | PATH=/.well-known/appspecific/com.chrome.devtools.json | DECISION=DENY_RBAC | TRUST=85
2026-02-28 12:05:16 | USER=admin | ROLE=admin | PATH=/restricted | DECISION=DENY_RBAC | TRUST=70
2026-02-28 12:05:16 | USER=admin | ROLE=admin | PATH=/restricted | DECISION=DENY_RBAC | TRUST=55
2026-02-28 12:05:16 | USER=admin | ROLE=admin | PATH=/restricted | DECISION=DENY_RBAC | TRUST=40
2026-02-28 12:05:16 | USER=admin | ROLE=admin | PATH=/restricted | DECISION=DENY_RBAC | TRUST=25
2026-02-28 12:07:53 | USER=admin | ROLE=admin | PATH=/dashboard | DECISION=ALLOW | TRUST=100
2026-02-28 12:07:54 | USER=admin | ROLE=admin | PATH=/admin/users/add | DECISION=ALLOW | TRUST=100
2026-02-28 12:12:27 | USER=admin | ROLE=admin | PATH=/dashboard | DECISION=ALLOW | TRUST=100
2026-02-28 12:12:28 | USER=admin | ROLE=admin | PATH=/admin/users/add | DECISION=ALLOW | TRUST=100
2026-02-28 12:14:07 | USER=admin | ROLE=admin | PATH=/admin/users/add | DECISION=ALLOW | TRUST=100
2026-02-28 12:14:17 | USER=admin | ROLE=admin | PATH=/dashboard | DECISION=ALLOW | TRUST=100
2026-02-28 12:14:18 | USER=admin | ROLE=admin | PATH=/admin/users/add | DECISION=ALLOW | TRUST=100
2026-02-28 12:15:38 | USER=admin | ROLE=admin | PATH=/dashboard | DECISION=ALLOW | TRUST=100
2026-02-28 12:15:39 | USER=admin | ROLE=admin | PATH=/admin/users/add | DECISION=ALLOW | TRUST=100
2026-02-28 12:15:44 | USER=admin | ROLE=admin | PATH=/dashboard | DECISION=ALLOW | TRUST=100
2026-02-28 12:15:45 | USER=admin | ROLE=admin | PATH=/admin/users/add | DECISION=ALLOW | TRUST=100
2026-02-28 12:15:47 | USER=admin | ROLE=admin | PATH=/dashboard | DECISION=ALLOW | TRUST=100
2026-02-28 12:15:48 | USER=admin | ROLE=admin | PATH=/admin/users | DECISION=ALLOW | TRUST=100
2026-02-28 12:15:51 | USER=admin | ROLE=admin | PATH=/admin/users/delete/3 | DECISION=ALLOW | TRUST=100
2026-02-28 12:15:51 | USER=admin | ROLE=admin | PATH=/admin/users | DECISION=ALLOW | TRUST=100
2026-02-28 12:15:53 | USER=admin | ROLE=admin | PATH=/admin/users/delete/2 | DECISION=ALLOW | TRUST=100
2026-02-28 12:15:53 | USER=admin | ROLE=admin | PATH=/admin/users | DECISION=ALLOW | TRUST=100
2026-02-28 12:15:53 | USER=admin | ROLE=admin | PATH=/logout | DECISION=DENY_RBAC | TRUST=85
2026-02-28 12:15:53 | USER=admin | ROLE=admin | PATH=/restricted | DECISION=DENY_RBAC | TRUST=70
2026-02-28 12:15:53 | USER=admin | ROLE=admin | PATH=/restricted | DECISION=DENY_RBAC | TRUST=55
2026-02-28 12:15:53 | USER=admin | ROLE=admin | PATH=/restricted | DECISION=DENY_RBAC | TRUST=40
2026-02-28 12:15:53 | USER=admin | ROLE=admin | PATH=/restricted | DECISION=DENY_RBAC | TRUST=25
2026-02-28 12:27:22 | USER=admin | ROLE=admin | PATH=/dashboard | DECISION=ALLOW | TRUST=100
2026-02-28 12:27:30 | USER=admin | ROLE=admin | PATH=/admin/trust_management | DECISION=ALLOW | TRUST=100
2026-02-28 12:27:32 | USER=admin | ROLE=admin | PATH=/admin/reset_trust/1 | DECISION=ALLOW | TRUST=100
2026-02-28 12:27:32 | USER=admin | ROLE=admin | PATH=/admin/trust_management | DECISION=ALLOW | TRUST=100
2026-02-28 12:27:33 | USER=admin | ROLE=admin | PATH=/admin/trust_management | DECISION=ALLOW | TRUST=100
2026-02-28 12:39:28 | USER=admin | ROLE=admin | PATH=/dashboard | DECISION=ALLOW | TRUST=100
2026-02-28 12:39:29 | USER=admin | ROLE=admin | PATH=/admin/users | DECISION=ALLOW | TRUST=100
2026-02-28 12:39:33 | USER=admin | ROLE=admin | PATH=/dashboard | DECISION=ALLOW | TRUST=100
2026-02-28 12:39:34 | USER=admin | ROLE=admin | PATH=/admin/users/add | DECISION=ALLOW | TRUST=100
2026-02-28 12:40:11 | USER=admin | ROLE=admin | PATH=/admin/users/add | DECISION=ALLOW | TRUST=100
2026-02-28 12:40:11 | USER=admin | ROLE=admin | PATH=/admin/users | DECISION=ALLOW | TRUST=100
2026-02-28 12:40:14 | USER=admin | ROLE=admin | PATH=/dashboard | DECISION=ALLOW | TRUST=100
2026-02-28 12:40:15 | USER=admin | ROLE=admin | PATH=/admin/users/add | DECISION=ALLOW | TRUST=100
2026-02-28 12:41:33 | USER=admin | ROLE=admin | PATH=/admin/users/add | DECISION=ALLOW | TRUST=100
2026-02-28 12:41:33 | USER=admin | ROLE=admin | PATH=/admin/users | DECISION=ALLOW | TRUST=100
2026-02-28 12:41:37 | USER=admin | ROLE=admin | PATH=/dashboard | DECISION=ALLOW | TRUST=100
2026-02-28 12:41:39 | USER=admin | ROLE=admin | PATH=/admin/users/add | DECISION=ALLOW | TRUST=100
2026-02-28 12:42:18 | USER=admin | ROLE=admin | PATH=/admin/users/add | DECISION=ALLOW | TRUST=100
2026-02-28 12:42:18 | USER=admin | ROLE=admin | PATH=/admin/users | DECISION=ALLOW | TRUST=100
2026-02-28 12:42:26 | USER=admin | ROLE=admin | PATH=/dashboard | DECISION=ALLOW | TRUST=100
2026-02-28 12:42:30 | USER=admin | ROLE=admin | PATH=/admin/change_requests | DECISION=ALLOW | TRUST=100
2026-02-28 12:42:31 | USER=admin | ROLE=admin | PATH=/dashboard | DECISION=ALLOW | TRUST=100
2026-02-28 12:42:31 | USER=admin | ROLE=admin | PATH=/logout | DECISION=DENY_RBAC | TRUST=85
2026-02-28 12:42:31 | USER=admin | ROLE=admin | PATH=/restricted | DECISION=DENY_RBAC | TRUST=70
2026-02-28 12:42:31 | USER=admin | ROLE=admin | PATH=/restricted | DECISION=DENY_RBAC | TRUST=55
2026-02-28 12:42:31 | USER=admin | ROLE=admin | PATH=/restricted | DECISION=DENY_RBAC | TRUST=40
2026-02-28 12:42:31 | USER=admin | ROLE=admin | PATH=/restricted | DECISION=DENY_RBAC | TRUST=25
2026-02-28 12:44:15 | USER=john | ROLE=faculty | PATH=/dashboard | DECISION=ALLOW | TRUST=100
2026-02-28 12:45:22 | USER=john | ROLE=faculty | PATH=/faculty/assignments | DECISION=ALLOW | TRUST=100
2026-02-28 12:45:27 | USER=john | ROLE=faculty | PATH=/logout | DECISION=DENY_RBAC | TRUST=85
2026-02-28 12:45:27 | USER=john | ROLE=faculty | PATH=/restricted | DECISION=DENY_RBAC | TRUST=70
2026-02-28 12:45:27 | USER=john | ROLE=faculty | PATH=/restricted | DECISION=DENY_RBAC | TRUST=55
2026-02-28 12:45:27 | USER=john | ROLE=faculty | PATH=/restricted | DECISION=DENY_RBAC | TRUST=40
2026-02-28 12:45:27 | USER=john | ROLE=faculty | PATH=/restricted | DECISION=DENY_RBAC | TRUST=25
2026-02-28 12:46:44 | USER=admin | ROLE=admin | PATH=/dashboard | DECISION=ALLOW | TRUST=100
2026-02-28 12:46:46 | USER=admin | ROLE=admin | PATH=/admin/trust_management | DECISION=ALLOW | TRUST=100
2026-02-28 12:46:48 | USER=admin | ROLE=admin | PATH=/admin/reset_trust/1 | DECISION=ALLOW | TRUST=100
2026-02-28 12:46:48 | USER=admin | ROLE=admin | PATH=/admin/trust_management | DECISION=ALLOW | TRUST=100
2026-02-28 12:46:51 | USER=admin | ROLE=admin | PATH=/dashboard | DECISION=ALLOW | TRUST=100
2026-02-28 12:46:52 | USER=admin | ROLE=admin | PATH=/admin/users/add | DECISION=ALLOW | TRUST=100
2026-02-28 12:47:03 | USER=admin | ROLE=admin | PATH=/dashboard | DECISION=ALLOW | TRUST=100
2026-02-28 12:47:23 | USER=admin | ROLE=admin | PATH=/admin/classes | DECISION=ALLOW | TRUST=100
2026-02-28 12:47:27 | USER=admin | ROLE=admin | PATH=/admin/classes/delete/3 | DECISION=ALLOW | TRUST=100
2026-02-28 12:47:27 | USER=admin | ROLE=admin | PATH=/admin/classes | DECISION=ALLOW | TRUST=100
2026-02-28 12:48:59 | USER=admin | ROLE=admin | PATH=/dashboard | DECISION=ALLOW | TRUST=100
2026-02-28 12:49:01 | USER=admin | ROLE=admin | PATH=/admin/trust_management | DECISION=ALLOW | TRUST=100
2026-02-28 12:49:03 | USER=admin | ROLE=admin | PATH=/admin/reset_trust/1 | DECISION=ALLOW | TRUST=100
2026-02-28 12:49:03 | USER=admin | ROLE=admin | PATH=/admin/trust_management | DECISION=ALLOW | TRUST=100
2026-02-28 12:49:04 | USER=admin | ROLE=admin | PATH=/dashboard | DECISION=ALLOW | TRUST=100
2026-02-28 12:49:06 | USER=admin | ROLE=admin | PATH=/admin/classes | DECISION=ALLOW | TRUST=100
2026-02-28 12:49:07 | USER=admin | ROLE=admin | PATH=/admin/classes/add | DECISION=ALLOW | TRUST=100
2026-02-28 12:49:20 | USER=admin | ROLE=admin | PATH=/admin/classes/add | DECISION=ALLOW | TRUST=100
2026-02-28 12:49:20 | USER=admin | ROLE=admin | PATH=/admin/classes | DECISION=ALLOW | TRUST=100
2026-02-28 12:49:20 | USER=admin | ROLE=admin | PATH=/logout | DECISION=DENY_RBAC | TRUST=85
2026-02-28 12:49:20 | USER=admin | ROLE=admin | PATH=/restricted | DECISION=DENY_RBAC | TRUST=70
2026-02-28 12:49:20 | USER=admin | ROLE=admin | PATH=/restricted | DECISION=DENY_RBAC | TRUST=55
2026-02-28 12:49:20 | USER=admin | ROLE=admin | PATH=/restricted | DECISION=DENY_RBAC | TRUST=40
2026-02-28 12:49:20 | USER=admin | ROLE=admin | PATH=/restricted | DECISION=DENY_RBAC | TRUST=25
2026-02-28 12:55:25 | USER=admin | ROLE=admin | PATH=/dashboard | DECISION=ALLOW | TRUST=100
2026-02-28 12:55:33 | USER=admin | ROLE=admin | PATH=/admin/logs | DECISION=ALLOW | TRUST=100
2026-02-28 12:55:40 | USER=admin | ROLE=admin | PATH=/dashboard | DECISION=ALLOW | TRUST=100
2026-02-28 12:55:42 | USER=admin | ROLE=admin | PATH=/admin/grievances | DECISION=ALLOW | TRUST=100
2026-02-28 12:55:44 | USER=admin | ROLE=admin | PATH=/dashboard | DECISION=ALLOW | TRUST=100
2026-02-28 12:55:46 | USER=admin | ROLE=admin | PATH=/admin/classes | DECISION=ALLOW | TRUST=100
2026-02-28 12:55:57 | USER=admin | ROLE=admin | PATH=/admin/classes/enroll | DECISION=ALLOW | TRUST=100
2026-02-28 12:56:08 | USER=admin | ROLE=admin | PATH=/admin/classes/enroll | DECISION=ALLOW | TRUST=100
2026-02-28 12:56:08 | USER=admin | ROLE=admin | PATH=/admin/classes | DECISION=ALLOW | TRUST=100
2026-02-28 12:56:08 | USER=admin | ROLE=admin | PATH=/logout | DECISION=DENY_RBAC | TRUST=85
2026-02-28 12:56:08 | USER=admin | ROLE=admin | PATH=/restricted | DECISION=DENY_RBAC | TRUST=70
2026-02-28 12:56:08 | USER=admin | ROLE=admin | PATH=/restricted | DECISION=DENY_RBAC | TRUST=55
2026-02-28 12:56:08 | USER=admin | ROLE=admin | PATH=/restricted | DECISION=DENY_RBAC | TRUST=40
2026-02-28 12:56:08 | USER=admin | ROLE=admin | PATH=/restricted | DECISION=DENY_RBAC | TRUST=25
2026-02-28 12:59:57 | USER=admin | ROLE=admin | PATH=/dashboard | DECISION=ALLOW | TRUST=100
2026-02-28 12:59:59 | USER=admin | ROLE=admin | PATH=/admin/classes | DECISION=ALLOW | TRUST=100
2026-02-28 13:00:01 | USER=admin | ROLE=admin | PATH=/admin/classes/enroll | DECISION=ALLOW | TRUST=100
2026-02-28 13:00:03 | USER=admin | ROLE=admin | PATH=/admin/classes/enroll | DECISION=ALLOW | TRUST=100
2026-02-28 13:00:03 | USER=admin | ROLE=admin | PATH=/admin/classes | DECISION=ALLOW | TRUST=100
2026-02-28 13:00:07 | USER=admin | ROLE=admin | PATH=/dashboard | DECISION=ALLOW | TRUST=100
2026-02-28 13:00:09 | USER=admin | ROLE=admin | PATH=/admin/trust_management | DECISION=ALLOW | TRUST=100
2026-02-28 13:00:10 | USER=admin | ROLE=admin | PATH=/admin/reset_trust/1 | DECISION=ALLOW | TRUST=100
2026-02-28 13:00:10 | USER=admin | ROLE=admin | PATH=/admin/trust_management | DECISION=ALLOW | TRUST=100
2026-02-28 13:00:13 | USER=admin | ROLE=admin | PATH=/admin/reset_trust/1 | DECISION=ALLOW | TRUST=100
2026-02-28 13:00:13 | USER=admin | ROLE=admin | PATH=/admin/trust_management | DECISION=ALLOW | TRUST=100
2026-02-28 13:00:15 | USER=admin | ROLE=admin | PATH=/admin/reset_trust/1 | DECISION=ALLOW | TRUST=100
2026-02-28 13:00:15 | USER=admin | ROLE=admin | PATH=/admin/trust_management | DECISION=ALLOW | TRUST=100
2026-02-28 13:00:17 | USER=admin | ROLE=admin | PATH=/admin/reset_trust/1 | DECISION=ALLOW | TRUST=100
2026-02-28 13:00:17 | USER=admin | ROLE=admin | PATH=/admin/trust_management | DECISION=ALLOW | TRUST=100
2026-02-28 13:00:19 | USER=admin | ROLE=admin | PATH=/logout | DECISION=DENY_RBAC | TRUST=85
2026-02-28 13:00:19 | USER=admin | ROLE=admin | PATH=/restricted | DECISION=DENY_RBAC | TRUST=70
2026-02-28 13:00:19 | USER=admin | ROLE=admin | PATH=/restricted | DECISION=DENY_RBAC | TRUST=55
2026-02-28 13:00:19 | USER=admin | ROLE=admin | PATH=/restricted | DECISION=DENY_RBAC | TRUST=40
2026-02-28 13:00:19 | USER=admin | ROLE=admin | PATH=/restricted | DECISION=DENY_RBAC | TRUST=25
2026-02-28 13:01:16 | USER=john | ROLE=faculty | PATH=/dashboard | DECISION=ALLOW | TRUST=100
2026-02-28 13:01:22 | USER=john | ROLE=faculty | PATH=/faculty/my_classes | DECISION=ALLOW | TRUST=100
2026-02-28 13:01:29 | USER=john | ROLE=faculty | PATH=/faculty/attendance | DECISION=ALLOW | TRUST=100
2026-02-28 13:01:31 | USER=john | ROLE=faculty | PATH=/faculty/attendance | DECISION=ALLOW | TRUST=100
2026-02-28 13:01:35 | USER=john | ROLE=faculty | PATH=/faculty/attendance | DECISION=ALLOW | TRUST=100
2026-02-28 13:01:35 | USER=john | ROLE=faculty | PATH=/faculty/attendance | DECISION=ALLOW | TRUST=100
2026-02-28 13:01:40 | USER=john | ROLE=faculty | PATH=/dashboard | DECISION=ALLOW | TRUST=100
2026-02-28 13:01:41 | USER=john | ROLE=faculty | PATH=/faculty/marks | DECISION=ALLOW | TRUST=100
2026-02-28 13:01:43 | USER=john | ROLE=faculty | PATH=/faculty/marks | DECISION=ALLOW | TRUST=100
2026-02-28 13:01:55 | USER=john | ROLE=faculty | PATH=/faculty/marks | DECISION=ALLOW | TRUST=100
2026-02-28 13:01:55 | USER=john | ROLE=faculty | PATH=/faculty/marks | DECISION=ALLOW | TRUST=100
2026-02-28 13:02:03 | USER=john | ROLE=faculty | PATH=/logout | DECISION=DENY_RBAC | TRUST=85
2026-02-28 13:02:03 | USER=john | ROLE=faculty | PATH=/restricted | DECISION=DENY_RBAC | TRUST=70
2026-02-28 13:02:03 | USER=john | ROLE=faculty | PATH=/restricted | DECISION=DENY_RBAC | TRUST=55
2026-02-28 13:02:03 | USER=john | ROLE=faculty | PATH=/restricted | DECISION=DENY_RBAC | TRUST=40
2026-02-28 13:02:03 | USER=john | ROLE=faculty | PATH=/restricted | DECISION=DENY_RBAC | TRUST=25
2026-02-28 13:34:11 | USER=admin | ROLE=admin | PATH=/dashboard | DECISION=ALLOW | TRUST=100
2026-02-28 13:34:14 | USER=admin | ROLE=admin | PATH=/admin/trust_management | DECISION=ALLOW | TRUST=100
2026-02-28 13:34:16 | USER=admin | ROLE=admin | PATH=/admin/reset_trust/10 | DECISION=ALLOW | TRUST=100
2026-02-28 13:34:16 | USER=admin | ROLE=admin | PATH=/admin/trust_management | DECISION=ALLOW | TRUST=100
2026-02-28 13:34:17 | USER=admin | ROLE=admin | PATH=/dashboard | DECISION=ALLOW | TRUST=100
2026-02-28 13:34:22 | USER=admin | ROLE=admin | PATH=/admin/users | DECISION=ALLOW | TRUST=100
2026-02-28 13:34:26 | USER=admin | ROLE=admin | PATH=/logout | DECISION=DENY_RBAC | TRUST=85
2026-02-28 13:34:26 | USER=admin | ROLE=admin | PATH=/restricted | DECISION=DENY_RBAC | TRUST=70
2026-02-28 13:34:27 | USER=admin | ROLE=admin | PATH=/restricted | DECISION=DENY_RBAC | TRUST=55
2026-02-28 13:34:27 | USER=admin | ROLE=admin | PATH=/restricted | DECISION=DENY_RBAC | TRUST=40
2026-02-28 13:34:27 | USER=admin | ROLE=admin | PATH=/restricted | DECISION=DENY_RBAC | TRUST=25
2026-02-28 13:39:15 | USER=admin | ROLE=admin | PATH=/dashboard | DECISION=ALLOW | TRUST=100
2026-02-28 13:39:19 | USER=admin | ROLE=admin | PATH=/admin/trust_management | DECISION=ALLOW | TRUST=100
2026-02-28 13:39:21 | USER=admin | ROLE=admin | PATH=/logout | DECISION=DENY_RBAC | TRUST=85
2026-02-28 13:39:21 | USER=admin | ROLE=admin | PATH=/restricted | DECISION=DENY_RBAC | TRUST=70
2026-02-28 13:39:21 | USER=admin | ROLE=admin | PATH=/restricted | DECISION=DENY_RBAC | TRUST=55
2026-02-28 13:39:21 | USER=admin | ROLE=admin | PATH=/restricted | DECISION=DENY_RBAC | TRUST=40
2026-02-28 13:39:21 | USER=admin | ROLE=admin | PATH=/restricted | DECISION=DENY_RBAC | TRUST=25
2026-02-28 13:44:27 | USER=admin | ROLE=admin | PATH=/dashboard | DECISION=ALLOW | TRUST=100
2026-02-28 13:44:31 | USER=admin | ROLE=admin | PATH=/admin/trust_management | DECISION=ALLOW | TRUST=100
2026-02-28 13:44:33 | USER=admin | ROLE=admin | PATH=/dashboard | DECISION=ALLOW | TRUST=100
2026-02-28 13:44:36 | USER=admin | ROLE=admin | PATH=/admin/logs | DECISION=ALLOW | TRUST=100
2026-02-28 13:44:38 | USER=admin | ROLE=admin | PATH=/dashboard | DECISION=ALLOW | TRUST=100
2026-02-28 13:44:40 | USER=admin | ROLE=admin | PATH=/admin/classes | DECISION=ALLOW | TRUST=100
2026-02-28 13:44:46 | USER=admin | ROLE=admin | PATH=/admin/classes/add | DECISION=ALLOW | TRUST=100
2026-02-28 13:44:49 | USER=admin | ROLE=admin | PATH=/admin/classes | DECISION=ALLOW | TRUST=100
2026-02-28 13:44:50 | USER=admin | ROLE=admin | PATH=/admin/classes/enroll | DECISION=ALLOW | TRUST=100
2026-02-28 13:44:53 | USER=admin | ROLE=admin | PATH=/admin/classes | DECISION=ALLOW | TRUST=100
2026-02-28 13:44:54 | USER=admin | ROLE=admin | PATH=/dashboard | DECISION=ALLOW | TRUST=100
2026-02-28 13:44:57 | USER=admin | ROLE=admin | PATH=/logout | DECISION=DENY_RBAC | TRUST=85
2026-02-28 13:44:57 | USER=admin | ROLE=admin | PATH=/restricted | DECISION=DENY_RBAC | TRUST=70
2026-02-28 13:44:57 | USER=admin | ROLE=admin | PATH=/restricted | DECISION=DENY_RBAC | TRUST=55
2026-02-28 13:44:57 | USER=admin | ROLE=admin | PATH=/restricted | DECISION=DENY_RBAC | TRUST=40
2026-02-28 13:44:57 | USER=admin | ROLE=admin | PATH=/restricted | DECISION=DENY_RBAC | TRUST=25
2026-02-28 13:45:20 | USER=john | ROLE=faculty | PATH=/dashboard | DECISION=ALLOW | TRUST=100
2026-02-28 13:45:21 | USER=john | ROLE=faculty | PATH=/faculty/my_classes | DECISION=ALLOW | TRUST=100
2026-02-28 13:45:25 | USER=john | ROLE=faculty | PATH=/faculty/assignments | DECISION=ALLOW | TRUST=100
2026-02-28 13:46:04 | USER=john | ROLE=faculty | PATH=/faculty/assignments | DECISION=ALLOW | TRUST=100
2026-02-28 13:46:04 | USER=john | ROLE=faculty | PATH=/faculty/assignments | DECISION=ALLOW | TRUST=100
2026-02-28 13:46:19 | USER=john | ROLE=faculty | PATH=/dashboard | DECISION=ALLOW | TRUST=100
2026-02-28 13:46:22 | USER=john | ROLE=faculty | PATH=/faculty/student_list | DECISION=ALLOW | TRUST=100
2026-02-28 13:46:24 | USER=john | ROLE=faculty | PATH=/faculty/student_list | DECISION=ALLOW | TRUST=100
2026-02-28 13:46:34 | USER=john | ROLE=faculty | PATH=/logout | DECISION=DENY_RBAC | TRUST=85
2026-02-28 13:46:34 | USER=john | ROLE=faculty | PATH=/restricted | DECISION=DENY_RBAC | TRUST=70
2026-02-28 13:46:34 | USER=john | ROLE=faculty | PATH=/restricted | DECISION=DENY_RBAC | TRUST=55
2026-02-28 13:46:34 | USER=john | ROLE=faculty | PATH=/restricted | DECISION=DENY_RBAC | TRUST=40
2026-02-28 13:46:34 | USER=john | ROLE=faculty | PATH=/restricted | DECISION=DENY_RBAC | TRUST=25
2026-02-28 13:47:03 | USER=alan | ROLE=student | PATH=/dashboard | DECISION=ALLOW | TRUST=100
2026-02-28 13:47:12 | USER=alan | ROLE=student | PATH=/student/marks | DECISION=ALLOW | TRUST=100
2026-02-28 13:47:16 | USER=alan | ROLE=student | PATH=/dashboard | DECISION=ALLOW | TRUST=100
2026-02-28 13:47:16 | USER=alan | ROLE=student | PATH=/student/attendance | DECISION=ALLOW | TRUST=100
2026-02-28 13:47:24 | USER=alan | ROLE=student | PATH=/dashboard | DECISION=ALLOW | TRUST=100
2026-02-28 13:47:25 | USER=alan | ROLE=student | PATH=/student/fees | DECISION=ALLOW | TRUST=100
2026-02-28 13:47:27 | USER=alan | ROLE=student | PATH=/dashboard | DECISION=ALLOW | TRUST=100
2026-02-28 13:47:28 | USER=alan | ROLE=student | PATH=/student/notices | DECISION=ALLOW | TRUST=100
2026-02-28 13:47:31 | USER=alan | ROLE=student | PATH=/dashboard | DECISION=ALLOW | TRUST=100
2026-02-28 13:47:32 | USER=alan | ROLE=student | PATH=/student/assignments | DECISION=ALLOW | TRUST=100
2026-02-28 13:47:35 | USER=alan | ROLE=student | PATH=/student/submit-assignment/1 | DECISION=ALLOW | TRUST=100
2026-02-28 13:47:49 | USER=alan | ROLE=student | PATH=/student/submit-assignment/1 | DECISION=ALLOW | TRUST=100
2026-02-28 13:47:49 | USER=alan | ROLE=student | PATH=/student/assignments | DECISION=ALLOW | TRUST=100
2026-02-28 13:47:54 | USER=alan | ROLE=student | PATH=/student/submit-assignment/1 | DECISION=ALLOW | TRUST=100
2026-02-28 13:47:57 | USER=alan | ROLE=student | PATH=/student/submit-assignment/1 | DECISION=ALLOW | TRUST=100
2026-02-28 13:47:58 | USER=alan | ROLE=student | PATH=/student/assignments | DECISION=ALLOW | TRUST=100
2026-02-28 13:47:59 | USER=alan | ROLE=student | PATH=/dashboard | DECISION=ALLOW | TRUST=100
2026-02-28 13:48:01 | USER=alan | ROLE=student | PATH=/student/grievance | DECISION=ALLOW | TRUST=100
2026-02-28 13:48:28 | USER=alan | ROLE=student | PATH=/student/grievance | DECISION=ALLOW | TRUST=100
2026-02-28 13:48:39 | USER=alan | ROLE=student | PATH=/dashboard | DECISION=ALLOW | TRUST=100
2026-02-28 13:48:40 | USER=alan | ROLE=student | PATH=/student/profile | DECISION=ALLOW | TRUST=100
2026-02-28 13:48:57 | USER=alan | ROLE=student | PATH=/student/send-profile-otp | DECISION=ALLOW | TRUST=100
2026-02-28 13:49:22 | USER=alan | ROLE=student | PATH=/student/verify-profile-otp | DECISION=ALLOW | TRUST=100
2026-02-28 13:49:22 | USER=alan | ROLE=student | PATH=/student/profile | DECISION=ALLOW | TRUST=100
2026-02-28 13:49:25 | USER=alan | ROLE=student | PATH=/logout | DECISION=DENY_RBAC | TRUST=85
2026-02-28 13:49:25 | USER=alan | ROLE=student | PATH=/restricted | DECISION=DENY_RBAC | TRUST=70
2026-02-28 13:49:25 | USER=alan | ROLE=student | PATH=/restricted | DECISION=DENY_RBAC | TRUST=55
2026-02-28 13:49:25 | USER=alan | ROLE=student | PATH=/restricted | DECISION=DENY_RBAC | TRUST=40
2026-02-28 13:49:25 | USER=alan | ROLE=student | PATH=/restricted | DECISION=DENY_RBAC | TRUST=25
2026-02-28 13:56:01 | USER=admin | ROLE=admin | PATH=/dashboard | DECISION=ALLOW | TRUST=100
2026-02-28 13:56:02 | USER=admin | ROLE=admin | PATH=/logout | DECISION=DENY_RBAC | TRUST=85
2026-02-28 13:56:02 | USER=admin | ROLE=admin | PATH=/restricted | DECISION=DENY_RBAC | TRUST=70
2026-02-28 13:56:02 | USER=admin | ROLE=admin | PATH=/restricted | DECISION=DENY_RBAC | TRUST=55
2026-02-28 13:56:02 | USER=admin | ROLE=admin | PATH=/restricted | DECISION=DENY_RBAC | TRUST=40
2026-02-28 13:56:02 | USER=admin | ROLE=admin | PATH=/restricted | DECISION=DENY_RBAC | TRUST=25
2026-02-28 13:59:59 | USER=admin | ROLE=admin | PATH=/dashboard | DECISION=ALLOW | TRUST=100
2026-02-28 14:00:00 | USER=admin | ROLE=admin | PATH=/logout | DECISION=DENY_RBAC | TRUST=85
2026-02-28 14:00:00 | USER=admin | ROLE=admin | PATH=/restricted | DECISION=DENY_RBAC | TRUST=70
2026-02-28 14:00:00 | USER=admin | ROLE=admin | PATH=/restricted | DECISION=DENY_RBAC | TRUST=55
2026-02-28 14:00:00 | USER=admin | ROLE=admin | PATH=/restricted | DECISION=DENY_RBAC | TRUST=40
2026-02-28 14:00:00 | USER=admin | ROLE=admin | PATH=/restricted | DECISION=DENY_RBAC | TRUST=25
2026-02-28 14:05:59 | USER=admin | ROLE=admin | PATH=/dashboard | DECISION=ALLOW_PUBLIC | TRUST=100
2026-02-28 14:06:00 | USER=admin | ROLE=admin | PATH=/logout | DECISION=ALLOW_PUBLIC | TRUST=100
2026-02-28 14:06:39 | USER=suresh | ROLE=parent | PATH=/dashboard | DECISION=ALLOW_PUBLIC | TRUST=100
2026-02-28 14:06:42 | USER=suresh | ROLE=parent | PATH=/parent/attendance | DECISION=ALLOW_PUBLIC | TRUST=100
2026-02-28 14:06:49 | USER=suresh | ROLE=parent | PATH=/parent/marks | DECISION=ALLOW_PUBLIC | TRUST=100
2026-02-28 14:06:52 | USER=suresh | ROLE=parent | PATH=/parent/fees | DECISION=ALLOW_PUBLIC | TRUST=100
2026-02-28 14:06:55 | USER=suresh | ROLE=parent | PATH=/parent/notices | DECISION=ALLOW_PUBLIC | TRUST=100
2026-02-28 14:06:57 | USER=suresh | ROLE=parent | PATH=/parent/grievances | DECISION=ALLOW_PUBLIC | TRUST=100
2026-02-28 14:07:07 | USER=suresh | ROLE=parent | PATH=/parent/grievances/submit | DECISION=ALLOW_PUBLIC | TRUST=100
2026-02-28 14:07:07 | USER=suresh | ROLE=parent | PATH=/parent/grievances | DECISION=ALLOW_PUBLIC | TRUST=100
2026-02-28 14:07:09 | USER=suresh | ROLE=parent | PATH=/dashboard | DECISION=ALLOW_PUBLIC | TRUST=100
2026-02-28 14:07:39 | USER=suresh | ROLE=parent | PATH=/logout | DECISION=ALLOW_PUBLIC | TRUST=100
2026-02-28 14:08:02 | USER=admin | ROLE=admin | PATH=/dashboard | DECISION=ALLOW_PUBLIC | TRUST=100
2026-02-28 14:08:07 | USER=admin | ROLE=admin | PATH=/admin/grievances | DECISION=ALLOW_PUBLIC | TRUST=100
2026-02-28 14:08:12 | USER=admin | ROLE=admin | PATH=/admin/grievances/4/resolve | DECISION=ALLOW_PUBLIC | TRUST=100
2026-02-28 14:08:12 | USER=admin | ROLE=admin | PATH=/admin/grievances | DECISION=ALLOW_PUBLIC | TRUST=100
2026-02-28 14:08:16 | USER=admin | ROLE=admin | PATH=/dashboard | DECISION=ALLOW_PUBLIC | TRUST=100
2026-02-28 14:08:21 | USER=admin | ROLE=admin | PATH=/admin/trust_management | DECISION=ALLOW_PUBLIC | TRUST=100
2026-02-28 14:08:23 | USER=admin | ROLE=admin | PATH=/admin/reset_trust/9 | DECISION=ALLOW_PUBLIC | TRUST=100
2026-02-28 14:08:23 | USER=admin | ROLE=admin | PATH=/admin/trust_management | DECISION=ALLOW_PUBLIC | TRUST=100
2026-02-28 14:08:29 | USER=admin | ROLE=admin | PATH=/logout | DECISION=ALLOW_PUBLIC | TRUST=100
2026-02-28 14:17:59 | USER=suresh | ROLE=parent | PATH=/dashboard | DECISION=ALLOW_PUBLIC | TRUST=100
2026-02-28 14:18:00 | USER=suresh | ROLE=parent | PATH=/parent/marks | DECISION=ALLOW_PUBLIC | TRUST=100
2026-02-28 14:18:04 | USER=suresh | ROLE=parent | PATH=/dashboard | DECISION=ALLOW_PUBLIC | TRUST=100
2026-02-28 14:18:05 | USER=suresh | ROLE=parent | PATH=/parent/attendance | DECISION=ALLOW_PUBLIC | TRUST=100
2026-02-28 14:18:10 | USER=suresh | ROLE=parent | PATH=/dashboard | DECISION=ALLOW_PUBLIC | TRUST=100
2026-02-28 14:18:11 | USER=suresh | ROLE=parent | PATH=/parent/fees | DECISION=ALLOW_PUBLIC | TRUST=100
2026-02-28 14:18:12 | USER=suresh | ROLE=parent | PATH=/dashboard | DECISION=ALLOW_PUBLIC | TRUST=100
2026-02-28 18:15:19 | USER=suresh | ROLE=parent | PATH=/dashboard | DECISION=ALLOW_PUBLIC | TRUST=100
2026-02-28 18:15:32 | USER=suresh | ROLE=parent | PATH=/parent/marks | DECISION=ALLOW_PUBLIC | TRUST=100
2026-02-28 18:15:40 | USER=suresh | ROLE=parent | PATH=/parent/fees | DECISION=ALLOW_PUBLIC | TRUST=100
2026-02-28 18:15:47 | USER=suresh | ROLE=parent | PATH=/logout | DECISION=ALLOW_PUBLIC | TRUST=100
2026-02-28 18:16:04 | USER=admin | ROLE=admin | PATH=/dashboard | DECISION=ALLOW_PUBLIC | TRUST=100
2026-02-28 18:16:12 | USER=admin | ROLE=admin | PATH=/admin/trust_management | DECISION=ALLOW_PUBLIC | TRUST=100
2026-02-28 18:16:14 | USER=admin | ROLE=admin | PATH=/admin/reset_trust/1 | DECISION=ALLOW_PUBLIC | TRUST=100
2026-02-28 18:16:14 | USER=admin | ROLE=admin | PATH=/admin/trust_management | DECISION=ALLOW_PUBLIC | TRUST=100
2026-02-28 18:16:20 | USER=admin | ROLE=admin | PATH=/logout | DECISION=ALLOW_PUBLIC | TRUST=100
2026-02-28 18:16:57 | USER=john | ROLE=faculty | PATH=/dashboard | DECISION=ALLOW_PUBLIC | TRUST=100
2026-02-28 18:17:01 | USER=john | ROLE=faculty | PATH=/faculty/marks | DECISION=ALLOW_PUBLIC | TRUST=100
2026-02-28 18:17:03 | USER=john | ROLE=faculty | PATH=/faculty/marks | DECISION=ALLOW_PUBLIC | TRUST=100
2026-02-28 18:17:13 | USER=john | ROLE=faculty | PATH=/faculty/marks | DECISION=ALLOW_PUBLIC | TRUST=100
2026-02-28 18:17:13 | USER=john | ROLE=faculty | PATH=/faculty/marks | DECISION=ALLOW_PUBLIC | TRUST=100
2026-02-28 18:17:31 | USER=john | ROLE=faculty | PATH=/logout | DECISION=ALLOW_PUBLIC | TRUST=100
2026-02-28 18:17:58 | USER=alan | ROLE=student | PATH=/dashboard | DECISION=ALLOW_PUBLIC | TRUST=100
2026-02-28 18:18:05 | USER=alan | ROLE=student | PATH=/student/marks | DECISION=ALLOW_PUBLIC | TRUST=100
2026-02-28 18:18:10 | USER=alan | ROLE=student | PATH=/dashboard | DECISION=ALLOW_PUBLIC | TRUST=100
2026-02-28 18:18:20 | USER=alan | ROLE=student | PATH=/student/fees | DECISION=ALLOW_PUBLIC | TRUST=100
2026-02-28 18:18:53 | USER=alan | ROLE=student | PATH=/dashboard | DECISION=ALLOW_PUBLIC | TRUST=100
2026-02-28 18:18:56 | USER=alan | ROLE=student | PATH=/student/profile | DECISION=ALLOW_PUBLIC | TRUST=100
2026-02-28 18:19:03 | USER=alan | ROLE=student | PATH=/student/send-profile-otp | DECISION=ALLOW_PUBLIC | TRUST=100
2026-02-28 18:19:15 | USER=alan | ROLE=student | PATH=/student/verify-profile-otp | DECISION=ALLOW_PUBLIC | TRUST=100
2026-02-28 18:19:15 | USER=alan | ROLE=student | PATH=/student/profile | DECISION=ALLOW_PUBLIC | TRUST=100
2026-02-28 18:19:22 | USER=alan | ROLE=student | PATH=/logout | DECISION=ALLOW_PUBLIC | TRUST=100
2026-02-28 18:19:55 | USER=admin | ROLE=admin | PATH=/dashboard | DECISION=ALLOW_PUBLIC | TRUST=100
2026-02-28 18:19:57 | USER=admin | ROLE=admin | PATH=/admin/change_requests | DECISION=ALLOW_PUBLIC | TRUST=100
2026-02-28 18:20:01 | USER=admin | ROLE=admin | PATH=/admin/change_requests/1/reject | DECISION=ALLOW_PUBLIC | TRUST=100
2026-02-28 18:20:01 | USER=admin | ROLE=admin | PATH=/admin/change_requests | DECISION=ALLOW_PUBLIC | TRUST=100
2026-02-28 18:20:02 | USER=admin | ROLE=admin | PATH=/admin/change_requests/2/reject | DECISION=ALLOW_PUBLIC | TRUST=100
2026-02-28 18:20:02 | USER=admin | ROLE=admin | PATH=/admin/change_requests | DECISION=ALLOW_PUBLIC | TRUST=100
2026-02-28 18:20:05 | USER=admin | ROLE=admin | PATH=/dashboard | DECISION=ALLOW_PUBLIC | TRUST=100
2026-02-28 18:20:06 | USER=admin | ROLE=admin | PATH=/admin/trust_management | DECISION=ALLOW_PUBLIC | TRUST=100
2026-02-28 18:20:07 | USER=admin | ROLE=admin | PATH=/admin/reset_trust/1 | DECISION=ALLOW_PUBLIC | TRUST=100
2026-02-28 18:20:07 | USER=admin | ROLE=admin | PATH=/admin/trust_management | DECISION=ALLOW_PUBLIC | TRUST=100
2026-02-28 18:20:09 | USER=admin | ROLE=admin | PATH=/admin/reset_trust/8 | DECISION=ALLOW_PUBLIC | TRUST=100
2026-02-28 18:20:09 | USER=admin | ROLE=admin | PATH=/admin/trust_management | DECISION=ALLOW_PUBLIC | TRUST=100
2026-02-28 18:20:10 | USER=admin | ROLE=admin | PATH=/admin/reset_trust/10 | DECISION=ALLOW_PUBLIC | TRUST=100
2026-02-28 18:20:10 | USER=admin | ROLE=admin | PATH=/admin/trust_management | DECISION=ALLOW_PUBLIC | TRUST=100
2026-02-28 18:20:11 | USER=admin | ROLE=admin | PATH=/dashboard | DECISION=ALLOW_PUBLIC | TRUST=100
2026-02-28 18:20:12 | USER=admin | ROLE=admin | PATH=/admin/users | DECISION=ALLOW_PUBLIC | TRUST=100
2026-02-28 18:20:12 | USER=admin | ROLE=admin | PATH=/dashboard | DECISION=ALLOW_PUBLIC | TRUST=100
2026-02-28 18:20:13 | USER=admin | ROLE=admin | PATH=/admin/users/add | DECISION=ALLOW_PUBLIC | TRUST=100
2026-02-28 18:20:13 | USER=admin | ROLE=admin | PATH=/dashboard | DECISION=ALLOW_PUBLIC | TRUST=100
2026-02-28 18:20:14 | USER=admin | ROLE=admin | PATH=/admin/change_requests | DECISION=ALLOW_PUBLIC | TRUST=100
2026-02-28 18:20:15 | USER=admin | ROLE=admin | PATH=/dashboard | DECISION=ALLOW_PUBLIC | TRUST=100
2026-02-28 18:20:16 | USER=admin | ROLE=admin | PATH=/admin/grievances | DECISION=ALLOW_PUBLIC | TRUST=100
2026-03-06 00:47:59 | USER=admin | ROLE=admin | PATH=/dashboard | DECISION=ALLOW_PUBLIC | TRUST=100
2026-03-06 00:48:01 | USER=admin | ROLE=admin | PATH=/admin/trust_management | DECISION=ALLOW_PUBLIC | TRUST=100
2026-03-06 00:48:03 | USER=admin | ROLE=admin | PATH=/admin/reset_trust/1 | DECISION=ALLOW_PUBLIC | TRUST=100
2026-03-06 00:48:03 | USER=admin | ROLE=admin | PATH=/admin/trust_management | DECISION=ALLOW_PUBLIC | TRUST=100
{"seq": 1, "nonce": "WLlUgIZsAHF0+kvs", "data": "91sbXd7ldLE1VIQbAUkDHBLGpIvJyZkNAGzVZ8myCi+Ij1rEaz823RNqy9OqCyAVppCGQVu8c4FMLKlqXhSe26DdayT1vDlaTeqEIGkQX4+W74jMM03I4e1j0y+aYj2rIyi8FKDwp6lxO+BRjtDjZpxE0Osy1Be6dhPfH37yTDf7spQYUd+u+xEZ"}
{"seq": 1, "nonce": "FdTfM4wqPDYL8mT/", "data": "l+gITiolamgWgP4a3Fjf1CENcFo8Uwc82sEjzTuo1evI2C5Ad+gACxHAxkxfPomWz4qDVvsZJAmSRuFoKRTlfGmc7Qk9VQDtQ4c2ndf0fbRerOy/6NGT/7Ihpt/Yh5FlpBPn5xiU900x0oXfN4wdVTJHFuGsr5DJYM10N+2VvZxjLrx8itqUng=="}
{"seq": 2, "nonce": "VaF10V3YGEH/DpbC", "data": "ow+DmshWhqNFJkXTzFu3RiegyOnslftTUMlX+jC1uHqGZGcPe/5TFuNugAt/ofBwtQvX6bRiuZEXiqNvrxuVD1+AIRl1yxlEKplG+ajommfcLVnw5qbtt1WUnDK2TnlPT7fOyi/X6ZFTtcjSfK4g+nL3P0M+VKcz"}
{"seq": 3, "nonce": "Wbx6qO9WKiZl8z3h", "data": "r4VRrTXU0JuDHrXyItjVkPVIgJHDcv357DPna7hI+ulokrj47LSgGnIcSmNODJl74ALiLtbhwrTM6wXHEjEXb/KMnXJz1rU7h/TlTHv5TIZRLl78Y1zRSXBnBfWVbmkKQ4Aladsf0rg/Z+mt4pd8EuJ9eKdCZ4/vTCPA"}
{"seq": 4, "nonce": "9t3XHTBNfwSDqpL8", "data": "ByIiRojfa0iHpQzGrCe60lUAqEfvpMAzk1IxOUdqk16iLO0QdZIy6kTaIlsXc8HtUikVPjv0sVtywp30ZKCqqumQksRP6GtQeae0ECwx5KuAwoEWYYKxkYxTCoXje28Ji3WD6a/3lSqXxp/6CRLobb1FQGWXu7/+Iq+PEw=="}
{"seq": 1, "nonce": "KdKnlc/whidqa2IX", "data": "hj3QvKdqydx5LoUHnfT6KaLhYy7tAMNv2e1yYhwhhBomjQh2ecHYiWsRIUB1qEAl4zHg2StiC/mq1AjGFZD5Rgy9rLw59EJNOXuIN0bGKjGPcSKstsb3yQTlCswozVYbo/16Ixqe26d5wsnBJuS/Ipw2tIzkshGgky22"}
{"seq": 2, "nonce": "4byFeHeVi7fE7pE4", "data": "CbUNKldrR1u5VBzyUEm//mximFTxVJsqvgDsBshR8+wHHA8z0fnNxx1Esuv++uPfInRDp+hxc7nNrPGKQnj1F+K/d5hWbdigApcT5LnLiKOS9LrdpW86/GxK+iuCNeUGAFt/yDaxHPb5NSDWXSc2qN1JHqwSdUpU"}
{"seq": 1, "nonce": "b0zTqbSa7drwCuvH", "data": "4HisPv7DncQexWtkDmxRZgaLhiyA8CDRb1W7je60WCi5Av/D2Yef6rOHrDuTeL1aR0qKUy6wFp/lCtJN6MWzO9E9+0gtgzeaRiBeI+vPJzt95GLQHm3mXTt2CQZTCaVRuDb9yRSOflVXEKC8MwrCeSvjjMtOt87U+ZcpPPe1tuE="}
{"seq": 2, "nonce": "+ui1Yj8IlZqcEp/s", "data": "q07Xs7dDio44EQNTBmvbGhSDqRonCll3CVoDlmbobxVbRlEm0TIZdpdUgw39enhxOQam9M7cgyTXFhmVte1la9p3ugHhLZy5xoRz3R2Q3VgBZecrUoZ1L3DBDFHa9KwZeS9aPUQJWqWtyZte0nWZAomuCc0qoULZCHqY50RN/of9MbQR3QcjxxSfaLz41WGkO3aMg9bi"}
{"seq": 3, "nonce": "y52+6bSExokubJd0", "data": "3gSKJQO+6iX+lbK+i/2ean2c9+APgI8Tij6W99oy4OmpHZw/I9cr7qX4bvbLZeAueHRFtL+a9pWR0WXLxStCUizmKwAJQxLkzdDd9h1nr6k3nthkGNpFfx2PTo+osuxOev+IvxsA8i/gAN/T08C2+Uegs+eN8xDUxXoimlgPB+ASUIXJXYzzzSU5FA=="}
{"seq": 4, "nonce": "R0v0YftDbB+UEKk5", "data": "ZbdVL0lQkwGs3TdQNmEGs4EcUQQHjWNicblvgP4uxM5A2mQVFxuYyUmKgj2EskDNx+EYcX73lBztAP4dtLoJyJFG78ajvztIzkEFizsCTS8tM3kzgs+7KAKM0vypL5Xle6H/NlBR3IssUFtWJVNbhp2MBS5++N6mm0b5SYd0PLmvxQKf40YoK3GpIprdZs1rSLA76OEM"}
{"seq": 5, "nonce": "s3hPikkeAz/wYjxq", "data": "Ex/0Qu33ktTokjO7SBk0/FT0ogmysp4EvMLzmU9yvmHl/eqPCkl/z16GXZOfxL6nUwngiEsiUpc0drVQ6Qi2yUSvDLFnQugdzNJ6sQgiyg0yRlC9lvLlns1riBeqFZGYq/RcE8soLf2XKmlxekeJC/XRa/N2fWhhcKo3vi+5Vwbc+0H4V3GUTgIR7w=="}
{"seq": 6, "nonce": "mUTXLckkre0r6Kcg", "data": "4BUGaLAm12FKlmZUHGdouA9o61MW3RzZxuzdhN5XeZ9wJ+VOLR4X83Rv1WimKceYYJt3U0Ib36jvNVwdCsLVOcaxSDGvyzDX45VzY6wfu02luu7Y6HRS7klRXXCqR8KOgYkiQe8F/0SejjvxldY5f3S3LUNnbOAjSy9Eb6jLt148jJPvYpDdMErYVyquTf/VMswuJq+HEI4tCVVVyc8EGDu8k0fnhXE8jb4D+yR7y2nOe7uf8yrZ2uM2lyGJEh+tlfM8P2W9Bd71AA=="}
{"seq": 3, "nonce": "iW9YLFh3VH9C9EpX", "data": "gXVEThA5/UIh+/toJ3g9HHQ9/vlLAu/nN/V6BtpVoj5KVi76WfdFkmewmqrZ/EXkl99aGKeF6hjn427tySRa3NKgzuRGGqqbxH6kxliH40MS+BMOcXNxMhCmb8qjqY6DkUq88Th7jGsqdFxF8jVFoBGFFzqmcG75Sw6k"}
{"seq": 4, "nonce": "0AGmSLtonHhbj0R/", "data": "r4QY78Uz1bXcUdTv17Tlo/2LcdkvZZCmcSVqXkhen+avDa/oAHNQ5DX4zIUTUEu/j+WKMsCuO8/UhVuQHXoCyD7eJVmJ1p1PObtplcNYkcI6g4faZxulNCau3I8y76lew5Wsf9fy2TuXsnvjZwTbNgQ9ScmnY69l06/JKQ=="}
{"seq": 5, "nonce": "60NsGxBwNvkPBHaf", "data": "o84nusmDjoLEbHVd35oyULQ0+uh2cuFJC6KTCwmTEZYES+oZMG8z93pY3UJw5+utYg2jFIYguc2Nmbdpa6hdW0S8U4ZLMlfH5Dd368DMLxlSGBzjkgLwiNWfFuvf5XHpDxEBikCUPzNT61X02fM4K2WUOf5jxlhLO2ftNw=="}
{"seq": 6, "nonce": "YAwS01ITNxTdwgbT", "data": "/2O0E0Py4olH1dJgQ+dWHO3E49JQC02JBOQJ4yy4vPBKKfiRkk9qIkkXM17pg9ktDcKUzOphtIS+6c3QbCQ0W1zY0FQPQEKPbzhyaosEkltCraUTt6azRHw7LL2l9M8U1Fx+GeLi1JVAjaKdBH+i+vRL3j8kSkD1QeJLnQ=="}
{"seq": 7, "nonce": "wawJ9cBx7B2ZNWDd", "data": "Q8S7DI6hafyWxXYrhD0RWnEP4hqpB3DCvhWSs089SfiCsu+wVeX27GF58hbQwRvRHGcBUoLUrigtEBJ1OFD7gI6U2vxB+K7Fkv/HUunYup997yXqm7aKcmfMxDtk8peOqSDcuoww8BtCcDMt9jhTF3wK61SdycL6VNvPMw=="}
{"seq": 1, "nonce": "hfXJog3Uv5D5wC2o", "data": "OfhenFMt6/F/1zqEzms8uoVCb7BzuT4vWPMd+pMp1hBUXHHypTGmU0fwzW9kZjrbL24df2qu3wKWmG2EjR93jyWETsKgEADXJR7pevuk6ppXsVvEqs25MN8L7X3kubNAOTfrSMYoRd8/DiSzifdqXMjXkffhpownVqZ0"}
{"seq": 1, "nonce": "Ad6Ir/6QhxA6gMhp", "data": "+NVs0iPNka/975E1wd3R2Ogg9cmlwtsf565RJtC8JOC0JY8UeKJf2mGegde2bSTUqta03mN9chnPYM85HfFYcq0sACiNnxw+Fkv51x9zmTtdgIyF892EPUuttAQd6WDlioRlCihCCrlOw6d0POMYbRDKYKK6F5Cof3tzcnK/FBTN1abKtq2+6WHCocQ="}
{"seq": 2, "nonce": "THYPbKhwIfAs+xgj", "data": "bUcIw8qMktkVtm/K0YL36o1TL/wgdW13Bha0xqUGLotUq/vkpP529CIV3MoVMYjb751KVbhriKkiJv830lOxUBJO4Gd4dPdwqrCkmqE+CRzHxCbZVgE1dOM3xf0sHhkvT6AuYGrKKRFjbFOOF3n+1+m1RO8is9V/"}
{"seq": 2, "nonce": "kCpq2dSkC7uZoKet", "data": "hq0vVGQX98yqKWtHouEYp+RYOz7Kw5yQuYd78lDpUAv0wsueQs13sKb9nFHapng6QicI0xEwW25v5HdZ/BVf5DbkpmJ2FpVly0V8dptWie8ilT8Hdxa6O2KSWOS8Eao86RMtr4kHwmX8rm1JeTRBWB94beZg4C0STYBRiHS7mQY="}
{"seq": 3, "nonce": "rUG+oTmMvtiWz4Bm", "data": "4ECey1gC6f4lxczWXgQL1R5wD5nHO2QfiMAFf4Ngwb0nO3cvI2g8E0hBm50/eZOnlewDCxmHA2yucXQIhCuCDOQe4LBrm4WznRDoVUYlcu2wGs+T5RoEngYlpivP5WntLGe+QQODu6AT7nQ0rivytO/1AO76KtImhkO1h2F0EAKdNpkuITVXHhBJxgKv2hc7HGGTyV06"}
{"seq": 4, "nonce": "+64WZwY8cofaT1s5", "data": "cVlKG0kTPhq/m8HbNforExe1IaiWHDD7u7Y8CRgBgEnDa1bfaib4z3zNPJ2CDXN+yKpwIjngUio1fKn7ORqHyDFMDpY0uH7lIqRmeFzGakGFC5uEQfbry+NaJlkY9rEaLJqUVmWNgnN2ZcXde24JmMAACIrgGuI8Gc2qG2LWzct80+CPilqcuCIe/A=="}
{"seq": 5, "nonce": "JCGu37LuoQx2y0pY", "data": "ktH+ozZPs57OU3XBXAMNNEESdwo3t//LoLZsV/ghA+2en7hTeffLS3nOKo7gTzH9Vj/l6AVrBp2yXHCvAn1ajI6I6kBz+57yGO8JL9yGwvEaBl1zW0mWjY/1GR9c1qXLvnpTT4bvNkYnETAbUSUS4BDWQiO1RlOwss7A5M6v555drAVFPKDxdeQ+cu7hBOn4DbFE5fm+thD3lILBLlT+PXzbbVd9F9bvzsVOdQh6eGoGFaUzMTy6tqNQZAqxvuY7MQ9H6fQpe2pGDg=="}
{"seq": 3, "nonce": "KBVS+bfZ2JeC3qlN", "data": "2arFo7xVzYQoaXSRXV8zS2MZ/kQYmpbzss1MDZXw+uxYj+dXgfLc4/Cj+QjZMX7VmPmPOu3kvgz9KFUFistbOWvU/SnRk16eFKmkcgchW0FQcl5a/t9NRi+jmMOwDroroqaUWvdm5emrVCdLrgUPhO4P3NfYCOLCYJf2"}
{"seq": 4, "nonce": "O0IWwr0A5ueCudtj", "data": "eD/3N4iAm+I7xK6gVQw5EGHLB7vg3gzKMvgqahjfZuTgD7guC1oSbT9sahr7LAaXKEB12KSIJV5bRDlJrGstGYGCPJziEjFhK+GxczoNUPgTZLwfLW7hxVM5N2OYHxmuSPATAmrlfnKkeWQj8BxRmr+rb3/FaJhfJZx2LA4c4zY="}
{"seq": 5, "nonce": "AbVUXUftv7hxNEfD", "data": "QhECANOPm3n9bVjljU30RXYJxbFwUsW+scVm+OEb17u50iWgkDGfWLDsyvy1e6jq9SlEKCQaQL2k20zkL9PEFhM7NbDLl5SAdYUVUejXP7JTHfd6yZGkIW+i5ZmJSboPedYwk4rEHzGRAeCYUrOK3bRffQqbY726EOEyDA=="}
{"seq": 6, "nonce": "WP3MN0aLa+8gq19C", "data": "Unxc/MDTVW76gXooyA1W70+72TIGmbpY/YdNZlDwR9Q5NI6egw54hppCclppv/GtIB40t2/0JwDkcpVPWasmv3TOGlz/IiP22vzbjCbsm1VM2nIuSkPR7Gpfo4IMXkppOttbMK8u9juaHjEPJLvuxjGtVD14lG8ejyFdkCpDpLgdkg=="}
{"seq": 7, "nonce": "eeDVonvtLnezwKNd", "data": "uSHELpRhzXFP7R9dk/RYEt1AtjLdDC1T+fbyjc7sv5yqlRxq5IX/yh6T3xxnXMuskeblA7HWICJR0PY3oCpmTcoxZI5VEQJrUbdjRT1M6ZGpEpCMCqkBJjxcN0xLz7XZ88FawV2+JWfygmZ238lc9PBDIDZ7DkOgs+QLCw=="}
{"seq": 8, "nonce": "p3G6RM47XKJLJY6W", "data": "xpna3E5Nw2SqUgHohHX6T+oc+Jmqma7xvrHAfXiNjrRT2K/OgG4EHE+AuBjrNHC8mB5nzb8aERAvO8Ly9RW6F6RyKQWZcptblRicwk7oHSNpCuEMwHHdhfV6wSA4nRZrn985uR1Lx02g5TBTkdPPGCjXaDFUuZKGaIkPfWfW"}
{"seq": 9, "nonce": "/dhlfwk8VAvdU5pi", "data": "CJKd1vUY5UXRcIJeuKFBEa/uL6xmQ3s/GSx8qOg03Rz+ap/7xUZ52tT8ADDnLaGZ6ed96BBbrLyFnVoiWOc1vUKJkkZmvy1/aH4iywlvyAIcLY7HgDjbPbUn+DWdINxq2AMTDTtPxOTiciXKhTGKz3kyl3UI7sMj"}
{"seq": 10, "nonce": "H6ti2CgWQnbUgDI5", "data": "1yT2uLhumlG8sVhWLv57R+dqTbZDBfKp4ue3YBESBykBRvHOH8a2fywhuWoz2HOz2FV1OYrIzp4RqKqGFeRK5Dg/JXzxyN/rBGCn1DX9wyDvm8LCHPbOima+H8iGwtqf9jekZIJfCk9cNsiO7FPxTaVh8he6ZzUEGQqh0wZzgT2/"}
{"seq": 11, "nonce": "H3rOAY+S8ZJ9CtNv", "data": "JCOnWNfrE1KD1ITkMpPR4cNlaP7OXyKVFCI8WT7+zfcAuCcRmwAlVgP1oKErPVqipqbfLokJRCGnM2JVuwg+SgoGLV5vpCl3wNRf74Ra6SPwYk6PsjFVTQhD+tFR+qk2F2ObF9m1r+mqVWWlyHlD59aBEzHZt6WDpxxdEh4="}
{"seq": 12, "nonce": "MCfELzPnf06rm4In", "data": "NARg2TwHFubPeFJMcgp72oKI2r+c/+XBU4bOpmp/LBIvutqHM5RVJicMPIpufTgR6GQY8On1Vlvt4E/QhpLA+fty8RLyJjB85bsGFjh6bLrIAOvUtsdgCgFZTK8kA6Lji9P7EUEFUbsSi1XptnmU7LzDG3Gkh22r1DqqO/Pb8lVY4Io="}
{"seq": 13, "nonce": "8Xri1rwl3YGsrESG", "data": "uXbmtIczaTJBZDzfXrUu/gLMGsPv3yM4PyHGUbgQVLx/EjLFy5DSU9uP607CkeToYveSI/dTTund1ON23K2vs4kStPRfBtaGI4+g/pGy4iABx73Hy9mQbIcqLymwQEepzXrxWo7Lo5RxOPvGtMh7U6Pc3Z6kvF2z4+ARVy4="}
{"seq": 14, "nonce": "cLjP/EBQE2nKxtnG", "data": "76vyJC1i17xER76ZvgRIXauvlY1HylNQLEunWpJvAez/xfeT0pmqwgYM+yNAVpJF9MmX9MxPy4AQvlBoaKS7jVxW38r1kKs1q4MZP8wPXLowVVePQtzL8f6A+ymmGLl86hTI6gWsCPPGdpPqEKMyxEcHEfKctM2K9soI3Dh5WQ=="}
{"seq": 15, "nonce": "4q1UfpEmsiJcErkA", "data": "hs5clzzzhtzxGylFZ/iU6LWNxULO7swmBYVxeNVbW2A83WjzeG4/xhzEehDzYZodeNs5qtLPHS7rA3/GDKsuBKdtQNJghRqgsl9KYMFa+FFjuhEDRhgoMvnCV8DKnBaOIKkXCABXg3Zt4uZp6CEOhJ573BsF1bSFdg=="}
{"seq": 16, "nonce": "+r6qXvpBzntEDHCC", "data": "k4sZz8Wf0nTy1/VjoX64XY4InHmbd4jfKAKkOJQqttpRB5stIt+ug3qpPtbVkxYIMuoXsCexXPtAhy5G8iBnxgAMYpWzU2olwrs8f3TnUHylDdYKsbzPdTPhSWQaWJG2vrSC6hMRx5pKoN/PiCxnwiEt5XFzThO7KNJfVFJD+Ls+"}
{"seq": 17, "nonce": "MgnI1iHUMXdeK04j", "data": "G5BUEMI2SMOILpqQnr9VGEC32N+hl2yGiA8U3QEH0Edi8onwlDwvzIxN0qE7oGF2u/t1S80iv4T9w22eo0KD91vKmNognwhrXq7oMpMgiolOAlsoMHHS756/ll4Dq7jSg3vj044J8/EugDn4TZkz9DjGpBbRWjrvr/DzdIQLQnBD"}
{"seq": 18, "nonce": "+UN2dN/5LY8UvFUc", "data": "nrgelbC5Me27Lt/3d3LOkLEXegn6oVVo9JzkeDkA1emZFUSyz0VeUEOjNLpvy3ZjMsTfEdLLmvjyNbZ/u7Ii3exJZwLniqJktXXm9/5fj+Nvrv1bdeHs8XvD4vGa8a4q7pg3DJlRjpGkJ1H60R1IHR0ObM5zOLkoUvhNFkGIXi2JTUM="}
{"seq": 1, "nonce": "43rSq/F+P8gGAYOs", "data": "yPWCQLM6CJxbjdLmQSTbxr4FiviJvNDmsAeam15nqbXZwHy/+QFSdeIdNZzfoiis5r89hskazGHOV6wdfGXsa/sQl9wB0jwVcqmzeRkAFTC5ysQVLHhzx9MpSNtOkwnYBYDJs/tD66ZCFmNIjpKIjYsjfXOzGSzvDiVH"}
{"seq": 1, "nonce": "S50bohjsV3pcEPdr", "data": "ztYchCFKZ/M5Eiq1t/wg5nJWZMXmXvs/WQPGSPWccfukC1k0RT9GH80SNNns/LzKtt9fCOxogSnbTVgf/Ksz5Qt84ixCRm9oKTL1JE1pNaQI7jASTNOXt8a9uG+6LMaRf9e6QYLb7ztPIbGamAPyoUhFwH88lHYwOwpYUdumNsjz2ITdlZs/Yv9xps8="}
{"seq": 2, "nonce": "3d2XxLS4C/OxdA1R", "data": "/RnQC+DA8Co8Obirl8aqyhI+s5XpexbNqaVtVgqFxvzuTJibd4U2sJqQkNzR6f5ReuHq5Q3gy9YrODziYGuOQZUIBGebPBTut+4oZeWPhXCY3Jp3vI5UurLLg7eAP9+wvPURdzgC30UKEPPKSF36iIemRbfno72Y"}
{"seq": 2, "nonce": "4s2pt9tZXONh94I4", "data": "+SGd1Ailp0icQ+MVT9jB8P6gcooOmxTQUmt70sgovYV6fhdW3WpBI8cq7sKVL6CMh9jBPVTmjDPhIlBMLuIWY1f97MXJZbAyeHpKOMdYwMNAGgKelhCj79N0Vr76De8OzpcvW4SNK+XrBSdtaht2LD/p20VseRyF10NCMGGWr0M="}
{"seq": 3, "nonce": "iJGvaWj4BdX/xvIe", "data": "/2ftYE37hLsyLEoAPZl3OFWIp6p6aEQ3f6zXgd6iJmdfLfC7lA7bsU6UzmYSVJrFQrd6yTzHz2Gz7vVmXLAbBdMbnfhkkOJ8CsrjqRJry3FIRyQalzmWveCTqI/a1cTdT2vgtWvHQMwqAU89t/vsc2OO9XTrBqRtx1d1DfXFBlcrncjI0Lz4eZz70BxCmUawToQjz0pf"}
{"seq": 4, "nonce": "afGvCfMzzd9k52ot", "data": "RNyfpiEnngS9ar9PThsHcx5Dc1bjTrls2HF+Zsp3YyApc8j0eNC2ZVAwJXfABoEK+eMru7kUhhgLsbgvXrozL7+zwk116cie9R+O5Y3t9BVLAE+B1loKTyaWOqI+4pM6u8rhLLv8kVtKJhxe94DJHQzgI/hpFkWJocfOuyDur/Ofq2325rGNvaahIA=="}
{"seq": 5, "nonce": "0IySLGwFiCKgyF/r", "data": "lB6eCHaxnM4qH+M7Z6bG26zIwAfjTYZGRditCrF72qV4OVtmF5+dLTr/oIcdQRWln6/JcOzWM1CobcJgJBJ+N6hwtsm/2QUwmdu5fdkCDIwXOocJ3ZndZ7BhPYFZE61cYfzJ/dPxspUEzhhIyuPWkaZINnAXKUCqgCFPZARnH9yrh2ddx1UC/R3IP7BTH2YGgsfzqDuXTnu3YsXsMvhLlgG5f/QtUr3NDy5oTZ2ncu0O96+O1q2scjPgzURXWYQeHe96sFPW8zaeQA=="}
{"seq": 3, "nonce": "0ZiW13q/VFMMPwUe", "data": "lmS91+lYlv9twNANtWZb2dTFMX+d18udDhij8zh7dTIY3kBMSl7h07GRVZUk0yQF9yc6WHNXmu5nR1X6q5phFabz3c4Fa9NHqUllBAHJDcaBPwl+go0As6yBfsQOxAVs0yMHbszNx0k6NGHo6emWDupkEmYHzRCmG/lb"}
{"seq": 4, "nonce": "maVJCulmntFx297G", "data": "HzI6ssrFZmPvWsb9cEHLlJHT4adN+VbAb/K5whEj+1JzOBmWVQ5I8aWetqnEf3ZkEv2vI0cc5ePbZGnLZpM8vTlyES7h/H2MfUX0t0/+FDEUVv7xJpE6LFq+bjBGpExuQ53+W3/LU8mvtcELNmUcoQBQc21PUBDtHo+OJWDbfHmJ"}
{"seq": 5, "nonce": "OsU6nMXk1tnDuTfJ", "data": "QhN1o1lJTmjb50yoSmH55ePWziDI1SCdvQvyYwz4AEDPeWQ7V03yQcp5MxLZZBPrhILGjiL1i7tU3kh8gnXSyw76SrWcba5MsYKXOLENQZaw6O60tnvWKub1kbPdE+IHevckC+75qnPw4ye1crtnu51GWFf7t9UUTU7ecXEx"}
{"seq": 6, "nonce": "HfKNNghCNbmnEc1n", "data": "LE2Op0SLOgUaKtElbwL9n2CU97toriv3JMm110av+He2PCUeUTFrlHXbBfEyNITCNti5iAQH/J5WPZwdl96aqGofRBv5kTDyQktXJTvIc/ADHzFq4Ut8B8PleVfpDL4dK0Kcw0B0K9lMtfEB9QWn5jEanBLDhTeWeMAagh5wnTnSdc9FI6ry4OX9mbTifaqJWq0PZEnWtwDDH7HpnJ/bljb85kTF7w48"}
{"seq": 6, "nonce": "65jbpdrq/07n65BI", "data": "vJ2G8uOrlyC0GjZcPUhQwW93jjCmZK3M24FQcuW9h33dCnsIkHiAzBjF4viF56ws8MmNYuz4komXRAbWXDSuU/fm9jQBR7QRMNIJsEQEUIeaEqpdJSklWTa/dEtkDCIU3Jnxx/3kvRupqhD5gNsgoKu1NdcUDy8MOHXyOHHfJp/n"}
